CRITICAL - 2021-04-11 00:22:25 --> include_once(layout/menu.php): failed to open stream: No such file or directory
#0 H:\XAMPP\htdocs\myschool\app\Views\layout\default.php(20): CodeIgniter\Debug\Exceptions->errorHandler(2, 'include_once(la...', 'H:\\XAMPP\\htdocs...', 20, Array)
#1 H:\XAMPP\htdocs\myschool\app\Views\layout\default.php(20): include_once()
#2 H:\XAMPP\htdocs\myschool\system\View\View.php(220): include('H:\\XAMPP\\htdocs...')
#3 H:\XAMPP\htdocs\myschool\system\View\View.php(222): CodeIgniter\View\View->CodeIgniter\View\{closure}()
#4 H:\XAMPP\htdocs\myschool\system\Common.php(1217): CodeIgniter\View\View->render('layout/default', Array, true)
#5 H:\XAMPP\htdocs\myschool\app\Controllers\MySchoolController.php(9): view('layout/default')
#6 H:\XAMPP\htdocs\myschool\system\CodeIgniter.php(936): App\Controllers\MySchoolController->index()
#7 H:\XAMPP\htdocs\myschool\system\CodeIgniter.php(432): CodeIgniter\CodeIgniter->runController(Object(App\Controllers\MySchoolController))
#8 H:\XAMPP\htdocs\myschool\system\CodeIgniter.php(333): CodeIgniter\CodeIgniter->handleRequest(NULL, Object(Config\Cache), false)
#9 H:\XAMPP\htdocs\myschool\index.php(44): CodeIgniter\CodeIgniter->run()
#10 {main}
CRITICAL - 2021-04-11 00:24:17 --> include_once(layout/footer.php): failed to open stream: No such file or directory
#0 H:\XAMPP\htdocs\myschool\app\Views\layout\default.php(35): CodeIgniter\Debug\Exceptions->errorHandler(2, 'include_once(la...', 'H:\\XAMPP\\htdocs...', 35, Array)
#1 H:\XAMPP\htdocs\myschool\app\Views\layout\default.php(35): include_once()
#2 H:\XAMPP\htdocs\myschool\system\View\View.php(220): include('H:\\XAMPP\\htdocs...')
#3 H:\XAMPP\htdocs\myschool\system\View\View.php(222): CodeIgniter\View\View->CodeIgniter\View\{closure}()
#4 H:\XAMPP\htdocs\myschool\system\Common.php(1217): CodeIgniter\View\View->render('layout/default', Array, true)
#5 H:\XAMPP\htdocs\myschool\app\Controllers\MySchoolController.php(9): view('layout/default')
#6 H:\XAMPP\htdocs\myschool\system\CodeIgniter.php(936): App\Controllers\MySchoolController->index()
#7 H:\XAMPP\htdocs\myschool\system\CodeIgniter.php(432): CodeIgniter\CodeIgniter->runController(Object(App\Controllers\MySchoolController))
#8 H:\XAMPP\htdocs\myschool\system\CodeIgniter.php(333): CodeIgniter\CodeIgniter->handleRequest(NULL, Object(Config\Cache), false)
#9 H:\XAMPP\htdocs\myschool\index.php(44): CodeIgniter\CodeIgniter->run()
#10 {main}
CRITICAL - 2021-04-11 00:24:32 --> include_once(layout/script/javaScript.js): failed to open stream: No such file or directory
#0 H:\XAMPP\htdocs\myschool\app\Views\layout\default.php(37): CodeIgniter\Debug\Exceptions->errorHandler(2, 'include_once(la...', 'H:\\XAMPP\\htdocs...', 37, Array)
#1 H:\XAMPP\htdocs\myschool\app\Views\layout\default.php(37): include_once()
#2 H:\XAMPP\htdocs\myschool\system\View\View.php(220): include('H:\\XAMPP\\htdocs...')
#3 H:\XAMPP\htdocs\myschool\system\View\View.php(222): CodeIgniter\View\View->CodeIgniter\View\{closure}()
#4 H:\XAMPP\htdocs\myschool\system\Common.php(1217): CodeIgniter\View\View->render('layout/default', Array, true)
#5 H:\XAMPP\htdocs\myschool\app\Controllers\MySchoolController.php(9): view('layout/default')
#6 H:\XAMPP\htdocs\myschool\system\CodeIgniter.php(936): App\Controllers\MySchoolController->index()
#7 H:\XAMPP\htdocs\myschool\system\CodeIgniter.php(432): CodeIgniter\CodeIgniter->runController(Object(App\Controllers\MySchoolController))
#8 H:\XAMPP\htdocs\myschool\system\CodeIgniter.php(333): CodeIgniter\CodeIgniter->handleRequest(NULL, Object(Config\Cache), false)
#9 H:\XAMPP\htdocs\myschool\index.php(44): CodeIgniter\CodeIgniter->run()
#10 {main}
CRITICAL - 2021-04-11 00:25:11 --> Invalid file: script/javaScript.js
#0 H:\XAMPP\htdocs\myschool\system\View\View.php(203): CodeIgniter\Exceptions\FrameworkException::forInvalidFile('script/javaScri...')
#1 H:\XAMPP\htdocs\myschool\system\View\View.php(236): CodeIgniter\View\View->render('script/javaScri...', Array, true)
#2 H:\XAMPP\htdocs\myschool\system\Common.php(1217): CodeIgniter\View\View->render('layout/default', Array, true)
#3 H:\XAMPP\htdocs\myschool\app\Controllers\MySchoolController.php(9): view('layout/default')
#4 H:\XAMPP\htdocs\myschool\system\CodeIgniter.php(936): App\Controllers\MySchoolController->index()
#5 H:\XAMPP\htdocs\myschool\system\CodeIgniter.php(432): CodeIgniter\CodeIgniter->runController(Object(App\Controllers\MySchoolController))
#6 H:\XAMPP\htdocs\myschool\system\CodeIgniter.php(333): CodeIgniter\CodeIgniter->handleRequest(NULL, Object(Config\Cache), false)
#7 H:\XAMPP\htdocs\myschool\index.php(44): CodeIgniter\CodeIgniter->run()
#8 {main}
CRITICAL - 2021-04-11 00:25:45 --> Invalid file: footer.php
#0 H:\XAMPP\htdocs\myschool\system\View\View.php(203): CodeIgniter\Exceptions\FrameworkException::forInvalidFile('footer.php')
#1 H:\XAMPP\htdocs\myschool\system\View\View.php(236): CodeIgniter\View\View->render('footer', Array, true)
#2 H:\XAMPP\htdocs\myschool\system\Common.php(1217): CodeIgniter\View\View->render('layout/default', Array, true)
#3 H:\XAMPP\htdocs\myschool\app\Controllers\MySchoolController.php(9): view('layout/default')
#4 H:\XAMPP\htdocs\myschool\system\CodeIgniter.php(936): App\Controllers\MySchoolController->index()
#5 H:\XAMPP\htdocs\myschool\system\CodeIgniter.php(432): CodeIgniter\CodeIgniter->runController(Object(App\Controllers\MySchoolController))
#6 H:\XAMPP\htdocs\myschool\system\CodeIgniter.php(333): CodeIgniter\CodeIgniter->handleRequest(NULL, Object(Config\Cache), false)
#7 H:\XAMPP\htdocs\myschool\index.php(44): CodeIgniter\CodeIgniter->run()
#8 {main}
CRITICAL - 2021-04-11 00:25:59 --> Invalid file: menu.php
#0 H:\XAMPP\htdocs\myschool\system\View\View.php(203): CodeIgniter\Exceptions\FrameworkException::forInvalidFile('menu.php')
#1 H:\XAMPP\htdocs\myschool\system\View\View.php(236): CodeIgniter\View\View->render('menu', Array, true)
#2 H:\XAMPP\htdocs\myschool\system\Common.php(1217): CodeIgniter\View\View->render('layout/default', Array, true)
#3 H:\XAMPP\htdocs\myschool\app\Controllers\MySchoolController.php(9): view('layout/default')
#4 H:\XAMPP\htdocs\myschool\system\CodeIgniter.php(936): App\Controllers\MySchoolController->index()
#5 H:\XAMPP\htdocs\myschool\system\CodeIgniter.php(432): CodeIgniter\CodeIgniter->runController(Object(App\Controllers\MySchoolController))
#6 H:\XAMPP\htdocs\myschool\system\CodeIgniter.php(333): CodeIgniter\CodeIgniter->handleRequest(NULL, Object(Config\Cache), false)
#7 H:\XAMPP\htdocs\myschool\index.php(44): CodeIgniter\CodeIgniter->run()
#8 {main}
CRITICAL - 2021-04-11 00:29:20 --> include_once(../../Views/layout/menu.php): failed to open stream: No such file or directory
#0 H:\XAMPP\htdocs\myschool\app\Views\roleManagment\role_view.php(20): CodeIgniter\Debug\Exceptions->errorHandler(2, 'include_once(.....', 'H:\\XAMPP\\htdocs...', 20, Array)
#1 H:\XAMPP\htdocs\myschool\app\Views\roleManagment\role_view.php(20): include_once()
#2 H:\XAMPP\htdocs\myschool\system\View\View.php(220): include('H:\\XAMPP\\htdocs...')
#3 H:\XAMPP\htdocs\myschool\system\View\View.php(222): CodeIgniter\View\View->CodeIgniter\View\{closure}()
#4 H:\XAMPP\htdocs\myschool\system\Common.php(1217): CodeIgniter\View\View->render('roleManagment/r...', Array, true)
#5 H:\XAMPP\htdocs\myschool\app\Controllers\RoleMgtController.php(18): view('roleManagment/r...', Array)
#6 H:\XAMPP\htdocs\myschool\system\CodeIgniter.php(936): App\Controllers\RoleMgtController->index()
#7 H:\XAMPP\htdocs\myschool\system\CodeIgniter.php(432): CodeIgniter\CodeIgniter->runController(Object(App\Controllers\RoleMgtController))
#8 H:\XAMPP\htdocs\myschool\system\CodeIgniter.php(333): CodeIgniter\CodeIgniter->handleRequest(NULL, Object(Config\Cache), false)
#9 H:\XAMPP\htdocs\myschool\public\index.php(44): CodeIgniter\CodeIgniter->run()
#10 {main}
CRITICAL - 2021-04-11 00:29:37 --> include_once(../../Views/layout/menu.php): failed to open stream: No such file or directory
#0 H:\XAMPP\htdocs\myschool\app\Views\roleManagment\role_view.php(20): CodeIgniter\Debug\Exceptions->errorHandler(2, 'include_once(.....', 'H:\\XAMPP\\htdocs...', 20, Array)
#1 H:\XAMPP\htdocs\myschool\app\Views\roleManagment\role_view.php(20): include_once()
#2 H:\XAMPP\htdocs\myschool\system\View\View.php(220): include('H:\\XAMPP\\htdocs...')
#3 H:\XAMPP\htdocs\myschool\system\View\View.php(222): CodeIgniter\View\View->CodeIgniter\View\{closure}()
#4 H:\XAMPP\htdocs\myschool\system\Common.php(1217): CodeIgniter\View\View->render('roleManagment/r...', Array, true)
#5 H:\XAMPP\htdocs\myschool\app\Controllers\RoleMgtController.php(18): view('roleManagment/r...', Array)
#6 H:\XAMPP\htdocs\myschool\system\CodeIgniter.php(936): App\Controllers\RoleMgtController->index()
#7 H:\XAMPP\htdocs\myschool\system\CodeIgniter.php(432): CodeIgniter\CodeIgniter->runController(Object(App\Controllers\RoleMgtController))
#8 H:\XAMPP\htdocs\myschool\system\CodeIgniter.php(333): CodeIgniter\CodeIgniter->handleRequest(NULL, Object(Config\Cache), false)
#9 H:\XAMPP\htdocs\myschool\public\index.php(44): CodeIgniter\CodeIgniter->run()
#10 {main}
CRITICAL - 2021-04-11 00:30:08 --> include_once(../../Views/layout/menu.php): failed to open stream: No such file or directory
#0 H:\XAMPP\htdocs\myschool\app\Views\roleManagment\role_view.php(20): CodeIgniter\Debug\Exceptions->errorHandler(2, 'include_once(.....', 'H:\\XAMPP\\htdocs...', 20, Array)
#1 H:\XAMPP\htdocs\myschool\app\Views\roleManagment\role_view.php(20): include_once()
#2 H:\XAMPP\htdocs\myschool\system\View\View.php(220): include('H:\\XAMPP\\htdocs...')
#3 H:\XAMPP\htdocs\myschool\system\View\View.php(222): CodeIgniter\View\View->CodeIgniter\View\{closure}()
#4 H:\XAMPP\htdocs\myschool\system\Common.php(1217): CodeIgniter\View\View->render('roleManagment/r...', Array, true)
#5 H:\XAMPP\htdocs\myschool\app\Controllers\RoleMgtController.php(18): view('roleManagment/r...', Array)
#6 H:\XAMPP\htdocs\myschool\system\CodeIgniter.php(936): App\Controllers\RoleMgtController->index()
#7 H:\XAMPP\htdocs\myschool\system\CodeIgniter.php(432): CodeIgniter\CodeIgniter->runController(Object(App\Controllers\RoleMgtController))
#8 H:\XAMPP\htdocs\myschool\system\CodeIgniter.php(333): CodeIgniter\CodeIgniter->handleRequest(NULL, Object(Config\Cache), false)
#9 H:\XAMPP\htdocs\myschool\public\index.php(44): CodeIgniter\CodeIgniter->run()
#10 {main}
CRITICAL - 2021-04-11 00:40:55 --> Invalid file: layout.default
#0 H:\XAMPP\htdocs\myschool\system\View\View.php(203): CodeIgniter\Exceptions\FrameworkException::forInvalidFile('layout.default')
#1 H:\XAMPP\htdocs\myschool\system\Common.php(1217): CodeIgniter\View\View->render('layout.default', Array, true)
#2 H:\XAMPP\htdocs\myschool\app\Controllers\MySchoolController.php(10): view('layout.default')
#3 H:\XAMPP\htdocs\myschool\system\CodeIgniter.php(936): App\Controllers\MySchoolController->index()
#4 H:\XAMPP\htdocs\myschool\system\CodeIgniter.php(432): CodeIgniter\CodeIgniter->runController(Object(App\Controllers\MySchoolController))
#5 H:\XAMPP\htdocs\myschool\system\CodeIgniter.php(333): CodeIgniter\CodeIgniter->handleRequest(NULL, Object(Config\Cache), false)
#6 H:\XAMPP\htdocs\myschool\index.php(44): CodeIgniter\CodeIgniter->run()
#7 {main}
CRITICAL - 2021-04-11 00:41:16 --> Invalid file: menu.php
#0 H:\XAMPP\htdocs\myschool\system\View\View.php(203): CodeIgniter\Exceptions\FrameworkException::forInvalidFile('menu.php')
#1 H:\XAMPP\htdocs\myschool\system\View\View.php(468): CodeIgniter\View\View->render('menu', NULL, true)
#2 H:\XAMPP\htdocs\myschool\app\Views\layout\default.php(21): CodeIgniter\View\View->include('menu')
#3 H:\XAMPP\htdocs\myschool\system\View\View.php(220): include('H:\\XAMPP\\htdocs...')
#4 H:\XAMPP\htdocs\myschool\system\View\View.php(222): CodeIgniter\View\View->CodeIgniter\View\{closure}()
#5 H:\XAMPP\htdocs\myschool\system\Common.php(1217): CodeIgniter\View\View->render('layout/default', Array, true)
#6 H:\XAMPP\htdocs\myschool\app\Controllers\MySchoolController.php(10): view('layout/default')
#7 H:\XAMPP\htdocs\myschool\system\CodeIgniter.php(936): App\Controllers\MySchoolController->index()
#8 H:\XAMPP\htdocs\myschool\system\CodeIgniter.php(432): CodeIgniter\CodeIgniter->runController(Object(App\Controllers\MySchoolController))
#9 H:\XAMPP\htdocs\myschool\system\CodeIgniter.php(333): CodeIgniter\CodeIgniter->handleRequest(NULL, Object(Config\Cache), false)
#10 H:\XAMPP\htdocs\myschool\index.php(44): CodeIgniter\CodeIgniter->run()
#11 {main}
CRITICAL - 2021-04-11 00:41:18 --> Invalid file: menu.php
#0 H:\XAMPP\htdocs\myschool\system\View\View.php(203): CodeIgniter\Exceptions\FrameworkException::forInvalidFile('menu.php')
#1 H:\XAMPP\htdocs\myschool\system\View\View.php(468): CodeIgniter\View\View->render('menu', NULL, true)
#2 H:\XAMPP\htdocs\myschool\app\Views\layout\default.php(21): CodeIgniter\View\View->include('menu')
#3 H:\XAMPP\htdocs\myschool\system\View\View.php(220): include('H:\\XAMPP\\htdocs...')
#4 H:\XAMPP\htdocs\myschool\system\View\View.php(222): CodeIgniter\View\View->CodeIgniter\View\{closure}()
#5 H:\XAMPP\htdocs\myschool\system\Common.php(1217): CodeIgniter\View\View->render('layout/default', Array, true)
#6 H:\XAMPP\htdocs\myschool\app\Controllers\MySchoolController.php(10): view('layout/default')
#7 H:\XAMPP\htdocs\myschool\system\CodeIgniter.php(936): App\Controllers\MySchoolController->index()
#8 H:\XAMPP\htdocs\myschool\system\CodeIgniter.php(432): CodeIgniter\CodeIgniter->runController(Object(App\Controllers\MySchoolController))
#9 H:\XAMPP\htdocs\myschool\system\CodeIgniter.php(333): CodeIgniter\CodeIgniter->handleRequest(NULL, Object(Config\Cache), false)
#10 H:\XAMPP\htdocs\myschool\index.php(44): CodeIgniter\CodeIgniter->run()
#11 {main}
CRITICAL - 2021-04-11 00:42:14 --> Invalid file: menu.php
#0 H:\XAMPP\htdocs\myschool\system\View\View.php(203): CodeIgniter\Exceptions\FrameworkException::forInvalidFile('menu.php')
#1 H:\XAMPP\htdocs\myschool\system\View\View.php(468): CodeIgniter\View\View->render('menu', NULL, true)
#2 H:\XAMPP\htdocs\myschool\app\Views\layout\default.php(21): CodeIgniter\View\View->include('menu')
#3 H:\XAMPP\htdocs\myschool\system\View\View.php(220): include('H:\\XAMPP\\htdocs...')
#4 H:\XAMPP\htdocs\myschool\system\View\View.php(222): CodeIgniter\View\View->CodeIgniter\View\{closure}()
#5 H:\XAMPP\htdocs\myschool\system\Common.php(1217): CodeIgniter\View\View->render('layout/default', Array, true)
#6 H:\XAMPP\htdocs\myschool\app\Controllers\MySchoolController.php(10): view('layout/default')
#7 H:\XAMPP\htdocs\myschool\system\CodeIgniter.php(936): App\Controllers\MySchoolController->index()
#8 H:\XAMPP\htdocs\myschool\system\CodeIgniter.php(432): CodeIgniter\CodeIgniter->runController(Object(App\Controllers\MySchoolController))
#9 H:\XAMPP\htdocs\myschool\system\CodeIgniter.php(333): CodeIgniter\CodeIgniter->handleRequest(NULL, Object(Config\Cache), false)
#10 H:\XAMPP\htdocs\myschool\index.php(44): CodeIgniter\CodeIgniter->run()
#11 {main}
CRITICAL - 2021-04-11 00:43:03 --> Invalid file: menu.php
#0 H:\XAMPP\htdocs\myschool\system\View\View.php(203): CodeIgniter\Exceptions\FrameworkException::forInvalidFile('menu.php')
#1 H:\XAMPP\htdocs\myschool\system\View\View.php(468): CodeIgniter\View\View->render('menu.php', NULL, true)
#2 H:\XAMPP\htdocs\myschool\app\Views\layout\default.php(21): CodeIgniter\View\View->include('menu.php')
#3 H:\XAMPP\htdocs\myschool\system\View\View.php(220): include('H:\\XAMPP\\htdocs...')
#4 H:\XAMPP\htdocs\myschool\system\View\View.php(222): CodeIgniter\View\View->CodeIgniter\View\{closure}()
#5 H:\XAMPP\htdocs\myschool\system\Common.php(1217): CodeIgniter\View\View->render('layout/default', Array, true)
#6 H:\XAMPP\htdocs\myschool\app\Controllers\MySchoolController.php(10): view('layout/default')
#7 H:\XAMPP\htdocs\myschool\system\CodeIgniter.php(936): App\Controllers\MySchoolController->index()
#8 H:\XAMPP\htdocs\myschool\system\CodeIgniter.php(432): CodeIgniter\CodeIgniter->runController(Object(App\Controllers\MySchoolController))
#9 H:\XAMPP\htdocs\myschool\system\CodeIgniter.php(333): CodeIgniter\CodeIgniter->handleRequest(NULL, Object(Config\Cache), false)
#10 H:\XAMPP\htdocs\myschool\index.php(44): CodeIgniter\CodeIgniter->run()
#11 {main}
CRITICAL - 2021-04-11 00:48:28 --> Invalid file: menu.php
#0 H:\XAMPP\htdocs\myschool\system\View\View.php(203): CodeIgniter\Exceptions\FrameworkException::forInvalidFile('menu.php')
#1 H:\XAMPP\htdocs\myschool\system\View\View.php(468): CodeIgniter\View\View->render('menu', NULL, true)
#2 H:\XAMPP\htdocs\myschool\app\Views\layout\default.php(21): CodeIgniter\View\View->include('menu')
#3 H:\XAMPP\htdocs\myschool\system\View\View.php(220): include('H:\\XAMPP\\htdocs...')
#4 H:\XAMPP\htdocs\myschool\system\View\View.php(222): CodeIgniter\View\View->CodeIgniter\View\{closure}()
#5 H:\XAMPP\htdocs\myschool\system\Common.php(1217): CodeIgniter\View\View->render('layout/default', Array, true)
#6 H:\XAMPP\htdocs\myschool\app\Controllers\MySchoolController.php(10): view('layout/default')
#7 H:\XAMPP\htdocs\myschool\system\CodeIgniter.php(936): App\Controllers\MySchoolController->index()
#8 H:\XAMPP\htdocs\myschool\system\CodeIgniter.php(432): CodeIgniter\CodeIgniter->runController(Object(App\Controllers\MySchoolController))
#9 H:\XAMPP\htdocs\myschool\system\CodeIgniter.php(333): CodeIgniter\CodeIgniter->handleRequest(NULL, Object(Config\Cache), false)
#10 H:\XAMPP\htdocs\myschool\index.php(44): CodeIgniter\CodeIgniter->run()
#11 {main}
CRITICAL - 2021-04-11 00:48:30 --> Invalid file: menu.php
#0 H:\XAMPP\htdocs\myschool\system\View\View.php(203): CodeIgniter\Exceptions\FrameworkException::forInvalidFile('menu.php')
#1 H:\XAMPP\htdocs\myschool\system\View\View.php(468): CodeIgniter\View\View->render('menu', NULL, true)
#2 H:\XAMPP\htdocs\myschool\app\Views\layout\default.php(21): CodeIgniter\View\View->include('menu')
#3 H:\XAMPP\htdocs\myschool\system\View\View.php(220): include('H:\\XAMPP\\htdocs...')
#4 H:\XAMPP\htdocs\myschool\system\View\View.php(222): CodeIgniter\View\View->CodeIgniter\View\{closure}()
#5 H:\XAMPP\htdocs\myschool\system\Common.php(1217): CodeIgniter\View\View->render('layout/default', Array, true)
#6 H:\XAMPP\htdocs\myschool\app\Controllers\MySchoolController.php(10): view('layout/default')
#7 H:\XAMPP\htdocs\myschool\system\CodeIgniter.php(936): App\Controllers\MySchoolController->index()
#8 H:\XAMPP\htdocs\myschool\system\CodeIgniter.php(432): CodeIgniter\CodeIgniter->runController(Object(App\Controllers\MySchoolController))
#9 H:\XAMPP\htdocs\myschool\system\CodeIgniter.php(333): CodeIgniter\CodeIgniter->handleRequest(NULL, Object(Config\Cache), false)
#10 H:\XAMPP\htdocs\myschool\index.php(44): CodeIgniter\CodeIgniter->run()
#11 {main}
CRITICAL - 2021-04-11 01:03:15 --> Invalid file: menu.php
#0 H:\XAMPP\htdocs\myschool\system\View\View.php(203): CodeIgniter\Exceptions\FrameworkException::forInvalidFile('menu.php')
#1 H:\XAMPP\htdocs\myschool\system\View\View.php(468): CodeIgniter\View\View->render('menu', NULL, true)
#2 H:\XAMPP\htdocs\myschool\app\Views\layout\default.php(21): CodeIgniter\View\View->include('menu')
#3 H:\XAMPP\htdocs\myschool\system\View\View.php(220): include('H:\\XAMPP\\htdocs...')
#4 H:\XAMPP\htdocs\myschool\system\View\View.php(222): CodeIgniter\View\View->CodeIgniter\View\{closure}()
#5 H:\XAMPP\htdocs\myschool\system\Common.php(1217): CodeIgniter\View\View->render('layout/default', Array, true)
#6 H:\XAMPP\htdocs\myschool\app\Controllers\MySchoolController.php(10): view('layout/default')
#7 H:\XAMPP\htdocs\myschool\system\CodeIgniter.php(936): App\Controllers\MySchoolController->index()
#8 H:\XAMPP\htdocs\myschool\system\CodeIgniter.php(432): CodeIgniter\CodeIgniter->runController(Object(App\Controllers\MySchoolController))
#9 H:\XAMPP\htdocs\myschool\system\CodeIgniter.php(333): CodeIgniter\CodeIgniter->handleRequest(NULL, Object(Config\Cache), false)
#10 H:\XAMPP\htdocs\myschool\index.php(44): CodeIgniter\CodeIgniter->run()
#11 {main}
CRITICAL - 2021-04-11 01:04:29 --> Invalid file: menu.php
#0 H:\XAMPP\htdocs\myschool\system\View\View.php(203): CodeIgniter\Exceptions\FrameworkException::forInvalidFile('menu.php')
#1 H:\XAMPP\htdocs\myschool\system\View\View.php(468): CodeIgniter\View\View->render('menu', NULL, true)
#2 H:\XAMPP\htdocs\myschool\app\Views\layout\default.php(21): CodeIgniter\View\View->include('menu')
#3 H:\XAMPP\htdocs\myschool\system\View\View.php(220): include('H:\\XAMPP\\htdocs...')
#4 H:\XAMPP\htdocs\myschool\system\View\View.php(222): CodeIgniter\View\View->CodeIgniter\View\{closure}()
#5 H:\XAMPP\htdocs\myschool\system\Common.php(1217): CodeIgniter\View\View->render('layout/default', Array, true)
#6 H:\XAMPP\htdocs\myschool\app\Controllers\MySchoolController.php(10): view('layout/default')
#7 H:\XAMPP\htdocs\myschool\system\CodeIgniter.php(936): App\Controllers\MySchoolController->index()
#8 H:\XAMPP\htdocs\myschool\system\CodeIgniter.php(432): CodeIgniter\CodeIgniter->runController(Object(App\Controllers\MySchoolController))
#9 H:\XAMPP\htdocs\myschool\system\CodeIgniter.php(333): CodeIgniter\CodeIgniter->handleRequest(NULL, Object(Config\Cache), false)
#10 H:\XAMPP\htdocs\myschool\index.php(44): CodeIgniter\CodeIgniter->run()
#11 {main}
CRITICAL - 2021-04-11 01:04:35 --> Invalid file: menu.php
#0 H:\XAMPP\htdocs\myschool\system\View\View.php(203): CodeIgniter\Exceptions\FrameworkException::forInvalidFile('menu.php')
#1 H:\XAMPP\htdocs\myschool\system\View\View.php(468): CodeIgniter\View\View->render('menu', NULL, true)
#2 H:\XAMPP\htdocs\myschool\app\Views\layout\default.php(21): CodeIgniter\View\View->include('menu')
#3 H:\XAMPP\htdocs\myschool\system\View\View.php(220): include('H:\\XAMPP\\htdocs...')
#4 H:\XAMPP\htdocs\myschool\system\View\View.php(222): CodeIgniter\View\View->CodeIgniter\View\{closure}()
#5 H:\XAMPP\htdocs\myschool\system\Common.php(1217): CodeIgniter\View\View->render('layout/default', Array, true)
#6 H:\XAMPP\htdocs\myschool\app\Controllers\MySchoolController.php(10): view('layout/default')
#7 H:\XAMPP\htdocs\myschool\system\CodeIgniter.php(936): App\Controllers\MySchoolController->index()
#8 H:\XAMPP\htdocs\myschool\system\CodeIgniter.php(432): CodeIgniter\CodeIgniter->runController(Object(App\Controllers\MySchoolController))
#9 H:\XAMPP\htdocs\myschool\system\CodeIgniter.php(333): CodeIgniter\CodeIgniter->handleRequest(NULL, Object(Config\Cache), false)
#10 H:\XAMPP\htdocs\myschool\index.php(44): CodeIgniter\CodeIgniter->run()
#11 {main}
CRITICAL - 2021-04-11 01:04:51 --> Invalid file: menu.php
#0 H:\XAMPP\htdocs\myschool\system\View\View.php(203): CodeIgniter\Exceptions\FrameworkException::forInvalidFile('menu.php')
#1 H:\XAMPP\htdocs\myschool\system\View\View.php(468): CodeIgniter\View\View->render('menu', NULL, true)
#2 H:\XAMPP\htdocs\myschool\app\Views\layout\default.php(21): CodeIgniter\View\View->include('menu')
#3 H:\XAMPP\htdocs\myschool\system\View\View.php(220): include('H:\\XAMPP\\htdocs...')
#4 H:\XAMPP\htdocs\myschool\system\View\View.php(222): CodeIgniter\View\View->CodeIgniter\View\{closure}()
#5 H:\XAMPP\htdocs\myschool\system\Common.php(1217): CodeIgniter\View\View->render('layout/default', Array, true)
#6 H:\XAMPP\htdocs\myschool\app\Controllers\MySchoolController.php(10): view('layout/default')
#7 H:\XAMPP\htdocs\myschool\system\CodeIgniter.php(936): App\Controllers\MySchoolController->index()
#8 H:\XAMPP\htdocs\myschool\system\CodeIgniter.php(432): CodeIgniter\CodeIgniter->runController(Object(App\Controllers\MySchoolController))
#9 H:\XAMPP\htdocs\myschool\system\CodeIgniter.php(333): CodeIgniter\CodeIgniter->handleRequest(NULL, Object(Config\Cache), false)
#10 H:\XAMPP\htdocs\myschool\index.php(44): CodeIgniter\CodeIgniter->run()
#11 {main}
CRITICAL - 2021-04-11 02:51:25 --> Invalid file: add_data.php
#0 H:\XAMPP\htdocs\myschool\system\View\View.php(203): CodeIgniter\Exceptions\FrameworkException::forInvalidFile('add_data.php')
#1 H:\XAMPP\htdocs\myschool\system\Common.php(1217): CodeIgniter\View\View->render('add_data', Array, true)
#2 H:\XAMPP\htdocs\myschool\app\Controllers\RoleMgtController.php(38): view('add_data', Array)
#3 H:\XAMPP\htdocs\myschool\system\CodeIgniter.php(936): App\Controllers\RoleMgtController->add_validation()
#4 H:\XAMPP\htdocs\myschool\system\CodeIgniter.php(432): CodeIgniter\CodeIgniter->runController(Object(App\Controllers\RoleMgtController))
#5 H:\XAMPP\htdocs\myschool\system\CodeIgniter.php(333): CodeIgniter\CodeIgniter->handleRequest(NULL, Object(Config\Cache), false)
#6 H:\XAMPP\htdocs\myschool\index.php(44): CodeIgniter\CodeIgniter->run()
#7 {main}
CRITICAL - 2021-04-11 02:51:57 --> Call to a member function redirect() on null
#0 H:\XAMPP\htdocs\myschool\system\View\View.php(220): include()
#1 H:\XAMPP\htdocs\myschool\system\View\View.php(222): CodeIgniter\View\View->CodeIgniter\View\{closure}()
#2 H:\XAMPP\htdocs\myschool\system\Common.php(1217): CodeIgniter\View\View->render('roleManagment/a...', Array, true)
#3 H:\XAMPP\htdocs\myschool\app\Controllers\RoleMgtController.php(23): view('roleManagment/a...')
#4 H:\XAMPP\htdocs\myschool\system\CodeIgniter.php(936): App\Controllers\RoleMgtController->add()
#5 H:\XAMPP\htdocs\myschool\system\CodeIgniter.php(432): CodeIgniter\CodeIgniter->runController(Object(App\Controllers\RoleMgtController))
#6 H:\XAMPP\htdocs\myschool\system\CodeIgniter.php(333): CodeIgniter\CodeIgniter->handleRequest(NULL, Object(Config\Cache), false)
#7 H:\XAMPP\htdocs\myschool\index.php(44): CodeIgniter\CodeIgniter->run()
#8 {main}
CRITICAL - 2021-04-11 02:52:10 --> Call to a member function redirect() on null
#0 H:\XAMPP\htdocs\myschool\system\View\View.php(220): include()
#1 H:\XAMPP\htdocs\myschool\system\View\View.php(222): CodeIgniter\View\View->CodeIgniter\View\{closure}()
#2 H:\XAMPP\htdocs\myschool\system\Common.php(1217): CodeIgniter\View\View->render('roleManagment/a...', Array, true)
#3 H:\XAMPP\htdocs\myschool\app\Controllers\RoleMgtController.php(23): view('roleManagment/a...')
#4 H:\XAMPP\htdocs\myschool\system\CodeIgniter.php(936): App\Controllers\RoleMgtController->add()
#5 H:\XAMPP\htdocs\myschool\system\CodeIgniter.php(432): CodeIgniter\CodeIgniter->runController(Object(App\Controllers\RoleMgtController))
#6 H:\XAMPP\htdocs\myschool\system\CodeIgniter.php(333): CodeIgniter\CodeIgniter->handleRequest(NULL, Object(Config\Cache), false)
#7 H:\XAMPP\htdocs\myschool\index.php(44): CodeIgniter\CodeIgniter->run()
#8 {main}
CRITICAL - 2021-04-11 02:52:25 --> Call to undefined method CodeIgniter\View\View::redirect()
#0 H:\XAMPP\htdocs\myschool\system\View\View.php(220): include()
#1 H:\XAMPP\htdocs\myschool\system\View\View.php(222): CodeIgniter\View\View->CodeIgniter\View\{closure}()
#2 H:\XAMPP\htdocs\myschool\system\Common.php(1217): CodeIgniter\View\View->render('roleManagment/a...', Array, true)
#3 H:\XAMPP\htdocs\myschool\app\Controllers\RoleMgtController.php(23): view('roleManagment/a...')
#4 H:\XAMPP\htdocs\myschool\system\CodeIgniter.php(936): App\Controllers\RoleMgtController->add()
#5 H:\XAMPP\htdocs\myschool\system\CodeIgniter.php(432): CodeIgniter\CodeIgniter->runController(Object(App\Controllers\RoleMgtController))
#6 H:\XAMPP\htdocs\myschool\system\CodeIgniter.php(333): CodeIgniter\CodeIgniter->handleRequest(NULL, Object(Config\Cache), false)
#7 H:\XAMPP\htdocs\myschool\index.php(44): CodeIgniter\CodeIgniter->run()
#8 {main}
CRITICAL - 2021-04-11 02:52:30 --> Call to undefined method CodeIgniter\View\View::redirect()
#0 H:\XAMPP\htdocs\myschool\system\View\View.php(220): include()
#1 H:\XAMPP\htdocs\myschool\system\View\View.php(222): CodeIgniter\View\View->CodeIgniter\View\{closure}()
#2 H:\XAMPP\htdocs\myschool\system\Common.php(1217): CodeIgniter\View\View->render('roleManagment/a...', Array, true)
#3 H:\XAMPP\htdocs\myschool\app\Controllers\RoleMgtController.php(23): view('roleManagment/a...')
#4 H:\XAMPP\htdocs\myschool\system\CodeIgniter.php(936): App\Controllers\RoleMgtController->add()
#5 H:\XAMPP\htdocs\myschool\system\CodeIgniter.php(432): CodeIgniter\CodeIgniter->runController(Object(App\Controllers\RoleMgtController))
#6 H:\XAMPP\htdocs\myschool\system\CodeIgniter.php(333): CodeIgniter\CodeIgniter->handleRequest(NULL, Object(Config\Cache), false)
#7 H:\XAMPP\htdocs\myschool\index.php(44): CodeIgniter\CodeIgniter->run()
#8 {main}
CRITICAL - 2021-04-11 07:10:31 --> syntax error, unexpected '"<pre>"' (T_CONSTANT_ENCAPSED_STRING)
#0 H:\XAMPP\htdocs\myschool\system\Autoloader\Autoloader.php(265): CodeIgniter\Autoloader\Autoloader->includeFile('H:\\XAMPP\\htdocs...')
#1 H:\XAMPP\htdocs\myschool\system\Autoloader\Autoloader.php(228): CodeIgniter\Autoloader\Autoloader->loadInNamespace('App\\Controllers...')
#2 [internal function]: CodeIgniter\Autoloader\Autoloader->loadClass('App\\Controllers...')
#3 [internal function]: spl_autoload_call('App\\Controllers...')
#4 H:\XAMPP\htdocs\myschool\system\CodeIgniter.php(893): class_exists('\\App\\Controller...', true)
#5 H:\XAMPP\htdocs\myschool\system\CodeIgniter.php(417): CodeIgniter\CodeIgniter->startController()
#6 H:\XAMPP\htdocs\myschool\system\CodeIgniter.php(333): CodeIgniter\CodeIgniter->handleRequest(NULL, Object(Config\Cache), false)
#7 H:\XAMPP\htdocs\myschool\index.php(44): CodeIgniter\CodeIgniter->run()
#8 {main}
CRITICAL - 2021-04-11 07:10:34 --> syntax error, unexpected '"<pre>"' (T_CONSTANT_ENCAPSED_STRING)
#0 H:\XAMPP\htdocs\myschool\system\Autoloader\Autoloader.php(265): CodeIgniter\Autoloader\Autoloader->includeFile('H:\\XAMPP\\htdocs...')
#1 H:\XAMPP\htdocs\myschool\system\Autoloader\Autoloader.php(228): CodeIgniter\Autoloader\Autoloader->loadInNamespace('App\\Controllers...')
#2 [internal function]: CodeIgniter\Autoloader\Autoloader->loadClass('App\\Controllers...')
#3 [internal function]: spl_autoload_call('App\\Controllers...')
#4 H:\XAMPP\htdocs\myschool\system\CodeIgniter.php(893): class_exists('\\App\\Controller...', true)
#5 H:\XAMPP\htdocs\myschool\system\CodeIgniter.php(417): CodeIgniter\CodeIgniter->startController()
#6 H:\XAMPP\htdocs\myschool\system\CodeIgniter.php(333): CodeIgniter\CodeIgniter->handleRequest(NULL, Object(Config\Cache), false)
#7 H:\XAMPP\htdocs\myschool\index.php(44): CodeIgniter\CodeIgniter->run()
#8 {main}
CRITICAL - 2021-04-11 07:10:36 --> syntax error, unexpected '"<pre>"' (T_CONSTANT_ENCAPSED_STRING)
#0 H:\XAMPP\htdocs\myschool\system\Autoloader\Autoloader.php(265): CodeIgniter\Autoloader\Autoloader->includeFile('H:\\XAMPP\\htdocs...')
#1 H:\XAMPP\htdocs\myschool\system\Autoloader\Autoloader.php(228): CodeIgniter\Autoloader\Autoloader->loadInNamespace('App\\Controllers...')
#2 [internal function]: CodeIgniter\Autoloader\Autoloader->loadClass('App\\Controllers...')
#3 [internal function]: spl_autoload_call('App\\Controllers...')
#4 H:\XAMPP\htdocs\myschool\system\CodeIgniter.php(893): class_exists('\\App\\Controller...', true)
#5 H:\XAMPP\htdocs\myschool\system\CodeIgniter.php(417): CodeIgniter\CodeIgniter->startController()
#6 H:\XAMPP\htdocs\myschool\system\CodeIgniter.php(333): CodeIgniter\CodeIgniter->handleRequest(NULL, Object(Config\Cache), false)
#7 H:\XAMPP\htdocs\myschool\index.php(44): CodeIgniter\CodeIgniter->run()
#8 {main}
CRITICAL - 2021-04-11 07:25:53 --> preg_match(): Compilation failed: unmatched closing parenthesis at offset 21
#0 [internal function]: CodeIgniter\Debug\Exceptions->errorHandler(2, 'preg_match(): C...', 'H:\\XAMPP\\htdocs...', 409, Array)
#1 H:\XAMPP\htdocs\myschool\system\Router\Router.php(409): preg_match('#^rolemanagment...', 'rolemanagment/d...', Array)
#2 H:\XAMPP\htdocs\myschool\system\Router\Router.php(152): CodeIgniter\Router\Router->checkRoutes('rolemanagment/d...')
#3 H:\XAMPP\htdocs\myschool\system\CodeIgniter.php(816): CodeIgniter\Router\Router->handle('rolemanagment/d...')
#4 H:\XAMPP\htdocs\myschool\system\CodeIgniter.php(385): CodeIgniter\CodeIgniter->tryToRouteIt(Object(CodeIgniter\Router\RouteCollection))
#5 H:\XAMPP\htdocs\myschool\system\CodeIgniter.php(333): CodeIgniter\CodeIgniter->handleRequest(NULL, Object(Config\Cache), false)
#6 H:\XAMPP\htdocs\myschool\index.php(44): CodeIgniter\CodeIgniter->run()
#7 {main}
CRITICAL - 2021-04-11 07:26:08 --> preg_match(): Compilation failed: unmatched closing parenthesis at offset 21
#0 [internal function]: CodeIgniter\Debug\Exceptions->errorHandler(2, 'preg_match(): C...', 'H:\\XAMPP\\htdocs...', 409, Array)
#1 H:\XAMPP\htdocs\myschool\system\Router\Router.php(409): preg_match('#^rolemanagment...', 'rolemanagment/d...', Array)
#2 H:\XAMPP\htdocs\myschool\system\Router\Router.php(152): CodeIgniter\Router\Router->checkRoutes('rolemanagment/d...')
#3 H:\XAMPP\htdocs\myschool\system\CodeIgniter.php(816): CodeIgniter\Router\Router->handle('rolemanagment/d...')
#4 H:\XAMPP\htdocs\myschool\system\CodeIgniter.php(385): CodeIgniter\CodeIgniter->tryToRouteIt(Object(CodeIgniter\Router\RouteCollection))
#5 H:\XAMPP\htdocs\myschool\system\CodeIgniter.php(333): CodeIgniter\CodeIgniter->handleRequest(NULL, Object(Config\Cache), false)
#6 H:\XAMPP\htdocs\myschool\index.php(44): CodeIgniter\CodeIgniter->run()
#7 {main}
CRITICAL - 2021-04-11 07:26:45 --> preg_match(): Compilation failed: unmatched closing parenthesis at offset 21
#0 [internal function]: CodeIgniter\Debug\Exceptions->errorHandler(2, 'preg_match(): C...', 'H:\\XAMPP\\htdocs...', 409, Array)
#1 H:\XAMPP\htdocs\myschool\system\Router\Router.php(409): preg_match('#^rolemanagment...', 'rolemanagment/d...', Array)
#2 H:\XAMPP\htdocs\myschool\system\Router\Router.php(152): CodeIgniter\Router\Router->checkRoutes('rolemanagment/d...')
#3 H:\XAMPP\htdocs\myschool\system\CodeIgniter.php(816): CodeIgniter\Router\Router->handle('rolemanagment/d...')
#4 H:\XAMPP\htdocs\myschool\system\CodeIgniter.php(385): CodeIgniter\CodeIgniter->tryToRouteIt(Object(CodeIgniter\Router\RouteCollection))
#5 H:\XAMPP\htdocs\myschool\system\CodeIgniter.php(333): CodeIgniter\CodeIgniter->handleRequest(NULL, Object(Config\Cache), false)
#6 H:\XAMPP\htdocs\myschool\index.php(44): CodeIgniter\CodeIgniter->run()
#7 {main}
CRITICAL - 2021-04-11 07:30:13 --> preg_match(): Compilation failed: unmatched closing parenthesis at offset 21
#0 [internal function]: CodeIgniter\Debug\Exceptions->errorHandler(2, 'preg_match(): C...', 'H:\\XAMPP\\htdocs...', 409, Array)
#1 H:\XAMPP\htdocs\myschool\system\Router\Router.php(409): preg_match('#^rolemanagment...', 'rolemanagment/d...', Array)
#2 H:\XAMPP\htdocs\myschool\system\Router\Router.php(152): CodeIgniter\Router\Router->checkRoutes('rolemanagment/d...')
#3 H:\XAMPP\htdocs\myschool\system\CodeIgniter.php(816): CodeIgniter\Router\Router->handle('rolemanagment/d...')
#4 H:\XAMPP\htdocs\myschool\system\CodeIgniter.php(385): CodeIgniter\CodeIgniter->tryToRouteIt(Object(CodeIgniter\Router\RouteCollection))
#5 H:\XAMPP\htdocs\myschool\system\CodeIgniter.php(333): CodeIgniter\CodeIgniter->handleRequest(NULL, Object(Config\Cache), false)
#6 H:\XAMPP\htdocs\myschool\index.php(44): CodeIgniter\CodeIgniter->run()
#7 {main}
CRITICAL - 2021-04-11 08:13:39 --> syntax error, unexpected 'card' (T_STRING), expecting ';' or ','
#0 H:\XAMPP\htdocs\myschool\system\View\View.php(222): CodeIgniter\View\View->CodeIgniter\View\{closure}()
#1 H:\XAMPP\htdocs\myschool\system\Common.php(1217): CodeIgniter\View\View->render('roleManagment/a...', Array, true)
#2 H:\XAMPP\htdocs\myschool\app\Controllers\RoleMgtController.php(26): view('roleManagment/a...', Array)
#3 H:\XAMPP\htdocs\myschool\system\CodeIgniter.php(936): App\Controllers\RoleMgtController->add()
#4 H:\XAMPP\htdocs\myschool\system\CodeIgniter.php(432): CodeIgniter\CodeIgniter->runController(Object(App\Controllers\RoleMgtController))
#5 H:\XAMPP\htdocs\myschool\system\CodeIgniter.php(333): CodeIgniter\CodeIgniter->handleRequest(NULL, Object(Config\Cache), false)
#6 H:\XAMPP\htdocs\myschool\index.php(44): CodeIgniter\CodeIgniter->run()
#7 {main}
CRITICAL - 2021-04-11 08:51:20 --> Call to undefined method App\Models\UserGroupModel::all
#0 H:\XAMPP\htdocs\myschool\app\Controllers\RoleMgtController.php(25): CodeIgniter\Model->__call('all', Array)
#1 H:\XAMPP\htdocs\myschool\system\CodeIgniter.php(936): App\Controllers\RoleMgtController->add()
#2 H:\XAMPP\htdocs\myschool\system\CodeIgniter.php(432): CodeIgniter\CodeIgniter->runController(Object(App\Controllers\RoleMgtController))
#3 H:\XAMPP\htdocs\myschool\system\CodeIgniter.php(333): CodeIgniter\CodeIgniter->handleRequest(NULL, Object(Config\Cache), false)
#4 H:\XAMPP\htdocs\myschool\index.php(44): CodeIgniter\CodeIgniter->run()
#5 {main}
CRITICAL - 2021-04-11 09:25:58 --> syntax error, unexpected '<', expecting end of file
#0 H:\XAMPP\htdocs\myschool\system\View\View.php(222): CodeIgniter\View\View->CodeIgniter\View\{closure}()
#1 H:\XAMPP\htdocs\myschool\system\View\View.php(468): CodeIgniter\View\View->render('layout/script/s...', NULL, true)
#2 H:\XAMPP\htdocs\myschool\app\Views\layout\default.php(39): CodeIgniter\View\View->include('layout/script/s...')
#3 H:\XAMPP\htdocs\myschool\system\View\View.php(220): include('H:\\XAMPP\\htdocs...')
#4 H:\XAMPP\htdocs\myschool\system\View\View.php(222): CodeIgniter\View\View->CodeIgniter\View\{closure}()
#5 H:\XAMPP\htdocs\myschool\system\View\View.php(236): CodeIgniter\View\View->render('layout/default', Array, true)
#6 H:\XAMPP\htdocs\myschool\system\Common.php(1217): CodeIgniter\View\View->render('roleManagment/a...', Array, true)
#7 H:\XAMPP\htdocs\myschool\app\Controllers\RoleMgtController.php(27): view('roleManagment/a...', Array)
#8 H:\XAMPP\htdocs\myschool\system\CodeIgniter.php(936): App\Controllers\RoleMgtController->add()
#9 H:\XAMPP\htdocs\myschool\system\CodeIgniter.php(432): CodeIgniter\CodeIgniter->runController(Object(App\Controllers\RoleMgtController))
#10 H:\XAMPP\htdocs\myschool\system\CodeIgniter.php(333): CodeIgniter\CodeIgniter->handleRequest(NULL, Object(Config\Cache), false)
#11 H:\XAMPP\htdocs\myschool\index.php(44): CodeIgniter\CodeIgniter->run()
#12 {main}
CRITICAL - 2021-04-11 09:26:30 --> syntax error, unexpected '<', expecting end of file
#0 H:\XAMPP\htdocs\myschool\system\View\View.php(222): CodeIgniter\View\View->CodeIgniter\View\{closure}()
#1 H:\XAMPP\htdocs\myschool\system\View\View.php(468): CodeIgniter\View\View->render('layout/script/s...', NULL, true)
#2 H:\XAMPP\htdocs\myschool\app\Views\layout\default.php(39): CodeIgniter\View\View->include('layout/script/s...')
#3 H:\XAMPP\htdocs\myschool\system\View\View.php(220): include('H:\\XAMPP\\htdocs...')
#4 H:\XAMPP\htdocs\myschool\system\View\View.php(222): CodeIgniter\View\View->CodeIgniter\View\{closure}()
#5 H:\XAMPP\htdocs\myschool\system\View\View.php(236): CodeIgniter\View\View->render('layout/default', Array, true)
#6 H:\XAMPP\htdocs\myschool\system\Common.php(1217): CodeIgniter\View\View->render('roleManagment/r...', Array, true)
#7 H:\XAMPP\htdocs\myschool\app\Controllers\RoleMgtController.php(19): view('roleManagment/r...', Array)
#8 H:\XAMPP\htdocs\myschool\system\CodeIgniter.php(936): App\Controllers\RoleMgtController->index()
#9 H:\XAMPP\htdocs\myschool\system\CodeIgniter.php(432): CodeIgniter\CodeIgniter->runController(Object(App\Controllers\RoleMgtController))
#10 H:\XAMPP\htdocs\myschool\system\CodeIgniter.php(333): CodeIgniter\CodeIgniter->handleRequest(NULL, Object(Config\Cache), false)
#11 H:\XAMPP\htdocs\myschool\index.php(44): CodeIgniter\CodeIgniter->run()
#12 {main}
CRITICAL - 2021-04-11 09:26:33 --> syntax error, unexpected '<', expecting end of file
#0 H:\XAMPP\htdocs\myschool\system\View\View.php(222): CodeIgniter\View\View->CodeIgniter\View\{closure}()
#1 H:\XAMPP\htdocs\myschool\system\View\View.php(468): CodeIgniter\View\View->render('layout/script/s...', NULL, true)
#2 H:\XAMPP\htdocs\myschool\app\Views\layout\default.php(39): CodeIgniter\View\View->include('layout/script/s...')
#3 H:\XAMPP\htdocs\myschool\system\View\View.php(220): include('H:\\XAMPP\\htdocs...')
#4 H:\XAMPP\htdocs\myschool\system\View\View.php(222): CodeIgniter\View\View->CodeIgniter\View\{closure}()
#5 H:\XAMPP\htdocs\myschool\system\View\View.php(236): CodeIgniter\View\View->render('layout/default', Array, true)
#6 H:\XAMPP\htdocs\myschool\system\Common.php(1217): CodeIgniter\View\View->render('roleManagment/a...', Array, true)
#7 H:\XAMPP\htdocs\myschool\app\Controllers\RoleMgtController.php(27): view('roleManagment/a...', Array)
#8 H:\XAMPP\htdocs\myschool\system\CodeIgniter.php(936): App\Controllers\RoleMgtController->add()
#9 H:\XAMPP\htdocs\myschool\system\CodeIgniter.php(432): CodeIgniter\CodeIgniter->runController(Object(App\Controllers\RoleMgtController))
#10 H:\XAMPP\htdocs\myschool\system\CodeIgniter.php(333): CodeIgniter\CodeIgniter->handleRequest(NULL, Object(Config\Cache), false)
#11 H:\XAMPP\htdocs\myschool\index.php(44): CodeIgniter\CodeIgniter->run()
#12 {main}
CRITICAL - 2021-04-11 09:46:50 --> syntax error, unexpected end of file
#0 H:\XAMPP\htdocs\myschool\system\View\View.php(222): CodeIgniter\View\View->CodeIgniter\View\{closure}()
#1 H:\XAMPP\htdocs\myschool\system\Common.php(1217): CodeIgniter\View\View->render('roleManagment/a...', Array, true)
#2 H:\XAMPP\htdocs\myschool\app\Controllers\RoleMgtController.php(27): view('roleManagment/a...', Array)
#3 H:\XAMPP\htdocs\myschool\system\CodeIgniter.php(936): App\Controllers\RoleMgtController->add()
#4 H:\XAMPP\htdocs\myschool\system\CodeIgniter.php(432): CodeIgniter\CodeIgniter->runController(Object(App\Controllers\RoleMgtController))
#5 H:\XAMPP\htdocs\myschool\system\CodeIgniter.php(333): CodeIgniter\CodeIgniter->handleRequest(NULL, Object(Config\Cache), false)
#6 H:\XAMPP\htdocs\myschool\index.php(44): CodeIgniter\CodeIgniter->run()
#7 {main}
CRITICAL - 2021-04-11 09:47:12 --> syntax error, unexpected end of file
#0 H:\XAMPP\htdocs\myschool\system\View\View.php(222): CodeIgniter\View\View->CodeIgniter\View\{closure}()
#1 H:\XAMPP\htdocs\myschool\system\Common.php(1217): CodeIgniter\View\View->render('roleManagment/a...', Array, true)
#2 H:\XAMPP\htdocs\myschool\app\Controllers\RoleMgtController.php(27): view('roleManagment/a...', Array)
#3 H:\XAMPP\htdocs\myschool\system\CodeIgniter.php(936): App\Controllers\RoleMgtController->add()
#4 H:\XAMPP\htdocs\myschool\system\CodeIgniter.php(432): CodeIgniter\CodeIgniter->runController(Object(App\Controllers\RoleMgtController))
#5 H:\XAMPP\htdocs\myschool\system\CodeIgniter.php(333): CodeIgniter\CodeIgniter->handleRequest(NULL, Object(Config\Cache), false)
#6 H:\XAMPP\htdocs\myschool\index.php(44): CodeIgniter\CodeIgniter->run()
#7 {main}
CRITICAL - 2021-04-11 09:47:46 --> syntax error, unexpected end of file
#0 H:\XAMPP\htdocs\myschool\system\View\View.php(222): CodeIgniter\View\View->CodeIgniter\View\{closure}()
#1 H:\XAMPP\htdocs\myschool\system\Common.php(1217): CodeIgniter\View\View->render('roleManagment/a...', Array, true)
#2 H:\XAMPP\htdocs\myschool\app\Controllers\RoleMgtController.php(27): view('roleManagment/a...', Array)
#3 H:\XAMPP\htdocs\myschool\system\CodeIgniter.php(936): App\Controllers\RoleMgtController->add()
#4 H:\XAMPP\htdocs\myschool\system\CodeIgniter.php(432): CodeIgniter\CodeIgniter->runController(Object(App\Controllers\RoleMgtController))
#5 H:\XAMPP\htdocs\myschool\system\CodeIgniter.php(333): CodeIgniter\CodeIgniter->handleRequest(NULL, Object(Config\Cache), false)
#6 H:\XAMPP\htdocs\myschool\index.php(44): CodeIgniter\CodeIgniter->run()
#7 {main}
CRITICAL - 2021-04-11 09:48:02 --> syntax error, unexpected end of file
#0 H:\XAMPP\htdocs\myschool\system\View\View.php(222): CodeIgniter\View\View->CodeIgniter\View\{closure}()
#1 H:\XAMPP\htdocs\myschool\system\Common.php(1217): CodeIgniter\View\View->render('roleManagment/a...', Array, true)
#2 H:\XAMPP\htdocs\myschool\app\Controllers\RoleMgtController.php(27): view('roleManagment/a...', Array)
#3 H:\XAMPP\htdocs\myschool\system\CodeIgniter.php(936): App\Controllers\RoleMgtController->add()
#4 H:\XAMPP\htdocs\myschool\system\CodeIgniter.php(432): CodeIgniter\CodeIgniter->runController(Object(App\Controllers\RoleMgtController))
#5 H:\XAMPP\htdocs\myschool\system\CodeIgniter.php(333): CodeIgniter\CodeIgniter->handleRequest(NULL, Object(Config\Cache), false)
#6 H:\XAMPP\htdocs\myschool\index.php(44): CodeIgniter\CodeIgniter->run()
#7 {main}
CRITICAL - 2021-04-11 09:48:46 --> syntax error, unexpected end of file
#0 H:\XAMPP\htdocs\myschool\system\View\View.php(222): CodeIgniter\View\View->CodeIgniter\View\{closure}()
#1 H:\XAMPP\htdocs\myschool\system\Common.php(1217): CodeIgniter\View\View->render('roleManagment/a...', Array, true)
#2 H:\XAMPP\htdocs\myschool\app\Controllers\RoleMgtController.php(27): view('roleManagment/a...', Array)
#3 H:\XAMPP\htdocs\myschool\system\CodeIgniter.php(936): App\Controllers\RoleMgtController->add()
#4 H:\XAMPP\htdocs\myschool\system\CodeIgniter.php(432): CodeIgniter\CodeIgniter->runController(Object(App\Controllers\RoleMgtController))
#5 H:\XAMPP\htdocs\myschool\system\CodeIgniter.php(333): CodeIgniter\CodeIgniter->handleRequest(NULL, Object(Config\Cache), false)
#6 H:\XAMPP\htdocs\myschool\index.php(44): CodeIgniter\CodeIgniter->run()
#7 {main}
CRITICAL - 2021-04-11 09:49:00 --> syntax error, unexpected end of file
#0 H:\XAMPP\htdocs\myschool\system\View\View.php(222): CodeIgniter\View\View->CodeIgniter\View\{closure}()
#1 H:\XAMPP\htdocs\myschool\system\Common.php(1217): CodeIgniter\View\View->render('roleManagment/a...', Array, true)
#2 H:\XAMPP\htdocs\myschool\app\Controllers\RoleMgtController.php(27): view('roleManagment/a...', Array)
#3 H:\XAMPP\htdocs\myschool\system\CodeIgniter.php(936): App\Controllers\RoleMgtController->add()
#4 H:\XAMPP\htdocs\myschool\system\CodeIgniter.php(432): CodeIgniter\CodeIgniter->runController(Object(App\Controllers\RoleMgtController))
#5 H:\XAMPP\htdocs\myschool\system\CodeIgniter.php(333): CodeIgniter\CodeIgniter->handleRequest(NULL, Object(Config\Cache), false)
#6 H:\XAMPP\htdocs\myschool\index.php(44): CodeIgniter\CodeIgniter->run()
#7 {main}
CRITICAL - 2021-04-11 09:53:16 --> Illegal string offset 'id'
#0 H:\XAMPP\htdocs\myschool\app\Views\roleManagment\add_data.php(38): CodeIgniter\Debug\Exceptions->errorHandler(2, 'Illegal string ...', 'H:\\XAMPP\\htdocs...', 38, Array)
#1 H:\XAMPP\htdocs\myschool\system\View\View.php(220): include('H:\\XAMPP\\htdocs...')
#2 H:\XAMPP\htdocs\myschool\system\View\View.php(222): CodeIgniter\View\View->CodeIgniter\View\{closure}()
#3 H:\XAMPP\htdocs\myschool\system\Common.php(1217): CodeIgniter\View\View->render('roleManagment/a...', Array, true)
#4 H:\XAMPP\htdocs\myschool\app\Controllers\RoleMgtController.php(27): view('roleManagment/a...', Array)
#5 H:\XAMPP\htdocs\myschool\system\CodeIgniter.php(936): App\Controllers\RoleMgtController->add()
#6 H:\XAMPP\htdocs\myschool\system\CodeIgniter.php(432): CodeIgniter\CodeIgniter->runController(Object(App\Controllers\RoleMgtController))
#7 H:\XAMPP\htdocs\myschool\system\CodeIgniter.php(333): CodeIgniter\CodeIgniter->handleRequest(NULL, Object(Config\Cache), false)
#8 H:\XAMPP\htdocs\myschool\index.php(44): CodeIgniter\CodeIgniter->run()
#9 {main}
CRITICAL - 2021-04-11 09:53:38 --> Invalid argument supplied for foreach()
#0 H:\XAMPP\htdocs\myschool\app\Views\roleManagment\add_data.php(36): CodeIgniter\Debug\Exceptions->errorHandler(2, 'Invalid argumen...', 'H:\\XAMPP\\htdocs...', 36, Array)
#1 H:\XAMPP\htdocs\myschool\system\View\View.php(220): include('H:\\XAMPP\\htdocs...')
#2 H:\XAMPP\htdocs\myschool\system\View\View.php(222): CodeIgniter\View\View->CodeIgniter\View\{closure}()
#3 H:\XAMPP\htdocs\myschool\system\Common.php(1217): CodeIgniter\View\View->render('roleManagment/a...', Array, true)
#4 H:\XAMPP\htdocs\myschool\app\Controllers\RoleMgtController.php(27): view('roleManagment/a...', Array)
#5 H:\XAMPP\htdocs\myschool\system\CodeIgniter.php(936): App\Controllers\RoleMgtController->add()
#6 H:\XAMPP\htdocs\myschool\system\CodeIgniter.php(432): CodeIgniter\CodeIgniter->runController(Object(App\Controllers\RoleMgtController))
#7 H:\XAMPP\htdocs\myschool\system\CodeIgniter.php(333): CodeIgniter\CodeIgniter->handleRequest(NULL, Object(Config\Cache), false)
#8 H:\XAMPP\htdocs\myschool\index.php(44): CodeIgniter\CodeIgniter->run()
#9 {main}
CRITICAL - 2021-04-11 09:54:25 --> Illegal string offset 'id'
#0 H:\XAMPP\htdocs\myschool\app\Views\roleManagment\add_data.php(38): CodeIgniter\Debug\Exceptions->errorHandler(2, 'Illegal string ...', 'H:\\XAMPP\\htdocs...', 38, Array)
#1 H:\XAMPP\htdocs\myschool\system\View\View.php(220): include('H:\\XAMPP\\htdocs...')
#2 H:\XAMPP\htdocs\myschool\system\View\View.php(222): CodeIgniter\View\View->CodeIgniter\View\{closure}()
#3 H:\XAMPP\htdocs\myschool\system\Common.php(1217): CodeIgniter\View\View->render('roleManagment/a...', Array, true)
#4 H:\XAMPP\htdocs\myschool\app\Controllers\RoleMgtController.php(27): view('roleManagment/a...', Array)
#5 H:\XAMPP\htdocs\myschool\system\CodeIgniter.php(936): App\Controllers\RoleMgtController->add()
#6 H:\XAMPP\htdocs\myschool\system\CodeIgniter.php(432): CodeIgniter\CodeIgniter->runController(Object(App\Controllers\RoleMgtController))
#7 H:\XAMPP\htdocs\myschool\system\CodeIgniter.php(333): CodeIgniter\CodeIgniter->handleRequest(NULL, Object(Config\Cache), false)
#8 H:\XAMPP\htdocs\myschool\index.php(44): CodeIgniter\CodeIgniter->run()
#9 {main}
CRITICAL - 2021-04-11 09:54:28 --> Illegal string offset 'id'
#0 H:\XAMPP\htdocs\myschool\app\Views\roleManagment\add_data.php(38): CodeIgniter\Debug\Exceptions->errorHandler(2, 'Illegal string ...', 'H:\\XAMPP\\htdocs...', 38, Array)
#1 H:\XAMPP\htdocs\myschool\system\View\View.php(220): include('H:\\XAMPP\\htdocs...')
#2 H:\XAMPP\htdocs\myschool\system\View\View.php(222): CodeIgniter\View\View->CodeIgniter\View\{closure}()
#3 H:\XAMPP\htdocs\myschool\system\Common.php(1217): CodeIgniter\View\View->render('roleManagment/a...', Array, true)
#4 H:\XAMPP\htdocs\myschool\app\Controllers\RoleMgtController.php(27): view('roleManagment/a...', Array)
#5 H:\XAMPP\htdocs\myschool\system\CodeIgniter.php(936): App\Controllers\RoleMgtController->add()
#6 H:\XAMPP\htdocs\myschool\system\CodeIgniter.php(432): CodeIgniter\CodeIgniter->runController(Object(App\Controllers\RoleMgtController))
#7 H:\XAMPP\htdocs\myschool\system\CodeIgniter.php(333): CodeIgniter\CodeIgniter->handleRequest(NULL, Object(Config\Cache), false)
#8 H:\XAMPP\htdocs\myschool\index.php(44): CodeIgniter\CodeIgniter->run()
#9 {main}
CRITICAL - 2021-04-11 09:58:23 --> Invalid file: add_data.php
#0 H:\XAMPP\htdocs\myschool\system\View\View.php(203): CodeIgniter\Exceptions\FrameworkException::forInvalidFile('add_data.php')
#1 H:\XAMPP\htdocs\myschool\system\Common.php(1217): CodeIgniter\View\View->render('add_data', Array, true)
#2 H:\XAMPP\htdocs\myschool\app\Controllers\RoleMgtController.php(43): view('add_data', Array)
#3 H:\XAMPP\htdocs\myschool\system\CodeIgniter.php(936): App\Controllers\RoleMgtController->add_validation()
#4 H:\XAMPP\htdocs\myschool\system\CodeIgniter.php(432): CodeIgniter\CodeIgniter->runController(Object(App\Controllers\RoleMgtController))
#5 H:\XAMPP\htdocs\myschool\system\CodeIgniter.php(333): CodeIgniter\CodeIgniter->handleRequest(NULL, Object(Config\Cache), false)
#6 H:\XAMPP\htdocs\myschool\index.php(44): CodeIgniter\CodeIgniter->run()
#7 {main}
CRITICAL - 2021-04-11 09:58:48 --> Invalid file: add_data.php
#0 H:\XAMPP\htdocs\myschool\system\View\View.php(203): CodeIgniter\Exceptions\FrameworkException::forInvalidFile('add_data.php')
#1 H:\XAMPP\htdocs\myschool\system\Common.php(1217): CodeIgniter\View\View->render('add_data', Array, true)
#2 H:\XAMPP\htdocs\myschool\app\Controllers\RoleMgtController.php(43): view('add_data', Array)
#3 H:\XAMPP\htdocs\myschool\system\CodeIgniter.php(936): App\Controllers\RoleMgtController->add_validation()
#4 H:\XAMPP\htdocs\myschool\system\CodeIgniter.php(432): CodeIgniter\CodeIgniter->runController(Object(App\Controllers\RoleMgtController))
#5 H:\XAMPP\htdocs\myschool\system\CodeIgniter.php(333): CodeIgniter\CodeIgniter->handleRequest(NULL, Object(Config\Cache), false)
#6 H:\XAMPP\htdocs\myschool\index.php(44): CodeIgniter\CodeIgniter->run()
#7 {main}
CRITICAL - 2021-04-11 09:58:52 --> Invalid file: add_data.php
#0 H:\XAMPP\htdocs\myschool\system\View\View.php(203): CodeIgniter\Exceptions\FrameworkException::forInvalidFile('add_data.php')
#1 H:\XAMPP\htdocs\myschool\system\Common.php(1217): CodeIgniter\View\View->render('add_data', Array, true)
#2 H:\XAMPP\htdocs\myschool\app\Controllers\RoleMgtController.php(43): view('add_data', Array)
#3 H:\XAMPP\htdocs\myschool\system\CodeIgniter.php(936): App\Controllers\RoleMgtController->add_validation()
#4 H:\XAMPP\htdocs\myschool\system\CodeIgniter.php(432): CodeIgniter\CodeIgniter->runController(Object(App\Controllers\RoleMgtController))
#5 H:\XAMPP\htdocs\myschool\system\CodeIgniter.php(333): CodeIgniter\CodeIgniter->handleRequest(NULL, Object(Config\Cache), false)
#6 H:\XAMPP\htdocs\myschool\index.php(44): CodeIgniter\CodeIgniter->run()
#7 {main}
CRITICAL - 2021-04-11 09:59:36 --> Invalid file: add_data.php
#0 H:\XAMPP\htdocs\myschool\system\View\View.php(203): CodeIgniter\Exceptions\FrameworkException::forInvalidFile('add_data.php')
#1 H:\XAMPP\htdocs\myschool\system\Common.php(1217): CodeIgniter\View\View->render('add_data', Array, true)
#2 H:\XAMPP\htdocs\myschool\app\Controllers\RoleMgtController.php(43): view('add_data', Array)
#3 H:\XAMPP\htdocs\myschool\system\CodeIgniter.php(936): App\Controllers\RoleMgtController->add_validation()
#4 H:\XAMPP\htdocs\myschool\system\CodeIgniter.php(432): CodeIgniter\CodeIgniter->runController(Object(App\Controllers\RoleMgtController))
#5 H:\XAMPP\htdocs\myschool\system\CodeIgniter.php(333): CodeIgniter\CodeIgniter->handleRequest(NULL, Object(Config\Cache), false)
#6 H:\XAMPP\htdocs\myschool\index.php(44): CodeIgniter\CodeIgniter->run()
#7 {main}
CRITICAL - 2021-04-11 10:00:19 --> Invalid file: add_data.php
#0 H:\XAMPP\htdocs\myschool\system\View\View.php(203): CodeIgniter\Exceptions\FrameworkException::forInvalidFile('add_data.php')
#1 H:\XAMPP\htdocs\myschool\system\Common.php(1217): CodeIgniter\View\View->render('add_data', Array, true)
#2 H:\XAMPP\htdocs\myschool\app\Controllers\RoleMgtController.php(43): view('add_data', Array)
#3 H:\XAMPP\htdocs\myschool\system\CodeIgniter.php(936): App\Controllers\RoleMgtController->add_validation()
#4 H:\XAMPP\htdocs\myschool\system\CodeIgniter.php(432): CodeIgniter\CodeIgniter->runController(Object(App\Controllers\RoleMgtController))
#5 H:\XAMPP\htdocs\myschool\system\CodeIgniter.php(333): CodeIgniter\CodeIgniter->handleRequest(NULL, Object(Config\Cache), false)
#6 H:\XAMPP\htdocs\myschool\index.php(44): CodeIgniter\CodeIgniter->run()
#7 {main}
CRITICAL - 2021-04-11 10:00:39 --> Invalid file: add_data.php
#0 H:\XAMPP\htdocs\myschool\system\View\View.php(203): CodeIgniter\Exceptions\FrameworkException::forInvalidFile('add_data.php')
#1 H:\XAMPP\htdocs\myschool\system\Common.php(1217): CodeIgniter\View\View->render('add_data', Array, true)
#2 H:\XAMPP\htdocs\myschool\app\Controllers\RoleMgtController.php(43): view('add_data', Array)
#3 H:\XAMPP\htdocs\myschool\system\CodeIgniter.php(936): App\Controllers\RoleMgtController->add_validation()
#4 H:\XAMPP\htdocs\myschool\system\CodeIgniter.php(432): CodeIgniter\CodeIgniter->runController(Object(App\Controllers\RoleMgtController))
#5 H:\XAMPP\htdocs\myschool\system\CodeIgniter.php(333): CodeIgniter\CodeIgniter->handleRequest(NULL, Object(Config\Cache), false)
#6 H:\XAMPP\htdocs\myschool\index.php(44): CodeIgniter\CodeIgniter->run()
#7 {main}
CRITICAL - 2021-04-11 10:04:56 --> Call to a member function post() on null
#0 H:\XAMPP\htdocs\myschool\system\CodeIgniter.php(936): App\Controllers\RoleMgtController->add_validation()
#1 H:\XAMPP\htdocs\myschool\system\CodeIgniter.php(432): CodeIgniter\CodeIgniter->runController(Object(App\Controllers\RoleMgtController))
#2 H:\XAMPP\htdocs\myschool\system\CodeIgniter.php(333): CodeIgniter\CodeIgniter->handleRequest(NULL, Object(Config\Cache), false)
#3 H:\XAMPP\htdocs\myschool\index.php(44): CodeIgniter\CodeIgniter->run()
#4 {main}
CRITICAL - 2021-04-11 10:08:34 --> syntax error, unexpected ';', expecting ']'
#0 H:\XAMPP\htdocs\myschool\system\Autoloader\Autoloader.php(265): CodeIgniter\Autoloader\Autoloader->includeFile('H:\\XAMPP\\htdocs...')
#1 H:\XAMPP\htdocs\myschool\system\Autoloader\Autoloader.php(228): CodeIgniter\Autoloader\Autoloader->loadInNamespace('App\\Controllers...')
#2 [internal function]: CodeIgniter\Autoloader\Autoloader->loadClass('App\\Controllers...')
#3 [internal function]: spl_autoload_call('App\\Controllers...')
#4 H:\XAMPP\htdocs\myschool\system\CodeIgniter.php(893): class_exists('\\App\\Controller...', true)
#5 H:\XAMPP\htdocs\myschool\system\CodeIgniter.php(417): CodeIgniter\CodeIgniter->startController()
#6 H:\XAMPP\htdocs\myschool\system\CodeIgniter.php(333): CodeIgniter\CodeIgniter->handleRequest(NULL, Object(Config\Cache), false)
#7 H:\XAMPP\htdocs\myschool\index.php(44): CodeIgniter\CodeIgniter->run()
#8 {main}
CRITICAL - 2021-04-11 10:15:39 --> syntax error, unexpected '->' (T_OBJECT_OPERATOR)
#0 H:\XAMPP\htdocs\myschool\system\Autoloader\Autoloader.php(265): CodeIgniter\Autoloader\Autoloader->includeFile('H:\\XAMPP\\htdocs...')
#1 H:\XAMPP\htdocs\myschool\system\Autoloader\Autoloader.php(228): CodeIgniter\Autoloader\Autoloader->loadInNamespace('App\\Controllers...')
#2 [internal function]: CodeIgniter\Autoloader\Autoloader->loadClass('App\\Controllers...')
#3 [internal function]: spl_autoload_call('App\\Controllers...')
#4 H:\XAMPP\htdocs\myschool\system\CodeIgniter.php(893): class_exists('\\App\\Controller...', true)
#5 H:\XAMPP\htdocs\myschool\system\CodeIgniter.php(417): CodeIgniter\CodeIgniter->startController()
#6 H:\XAMPP\htdocs\myschool\system\CodeIgniter.php(333): CodeIgniter\CodeIgniter->handleRequest(NULL, Object(Config\Cache), false)
#7 H:\XAMPP\htdocs\myschool\index.php(44): CodeIgniter\CodeIgniter->run()
#8 {main}
CRITICAL - 2021-04-11 10:17:42 --> syntax error, unexpected '->' (T_OBJECT_OPERATOR)
#0 H:\XAMPP\htdocs\myschool\system\Autoloader\Autoloader.php(265): CodeIgniter\Autoloader\Autoloader->includeFile('H:\\XAMPP\\htdocs...')
#1 H:\XAMPP\htdocs\myschool\system\Autoloader\Autoloader.php(228): CodeIgniter\Autoloader\Autoloader->loadInNamespace('App\\Controllers...')
#2 [internal function]: CodeIgniter\Autoloader\Autoloader->loadClass('App\\Controllers...')
#3 [internal function]: spl_autoload_call('App\\Controllers...')
#4 H:\XAMPP\htdocs\myschool\system\CodeIgniter.php(893): class_exists('\\App\\Controller...', true)
#5 H:\XAMPP\htdocs\myschool\system\CodeIgniter.php(417): CodeIgniter\CodeIgniter->startController()
#6 H:\XAMPP\htdocs\myschool\system\CodeIgniter.php(333): CodeIgniter\CodeIgniter->handleRequest(NULL, Object(Config\Cache), false)
#7 H:\XAMPP\htdocs\myschool\index.php(44): CodeIgniter\CodeIgniter->run()
#8 {main}
CRITICAL - 2021-04-11 10:17:44 --> syntax error, unexpected '->' (T_OBJECT_OPERATOR)
#0 H:\XAMPP\htdocs\myschool\system\Autoloader\Autoloader.php(265): CodeIgniter\Autoloader\Autoloader->includeFile('H:\\XAMPP\\htdocs...')
#1 H:\XAMPP\htdocs\myschool\system\Autoloader\Autoloader.php(228): CodeIgniter\Autoloader\Autoloader->loadInNamespace('App\\Controllers...')
#2 [internal function]: CodeIgniter\Autoloader\Autoloader->loadClass('App\\Controllers...')
#3 [internal function]: spl_autoload_call('App\\Controllers...')
#4 H:\XAMPP\htdocs\myschool\system\CodeIgniter.php(893): class_exists('\\App\\Controller...', true)
#5 H:\XAMPP\htdocs\myschool\system\CodeIgniter.php(417): CodeIgniter\CodeIgniter->startController()
#6 H:\XAMPP\htdocs\myschool\system\CodeIgniter.php(333): CodeIgniter\CodeIgniter->handleRequest(NULL, Object(Config\Cache), false)
#7 H:\XAMPP\htdocs\myschool\index.php(44): CodeIgniter\CodeIgniter->run()
#8 {main}
CRITICAL - 2021-04-11 10:17:49 --> syntax error, unexpected '->' (T_OBJECT_OPERATOR)
#0 H:\XAMPP\htdocs\myschool\system\Autoloader\Autoloader.php(265): CodeIgniter\Autoloader\Autoloader->includeFile('H:\\XAMPP\\htdocs...')
#1 H:\XAMPP\htdocs\myschool\system\Autoloader\Autoloader.php(228): CodeIgniter\Autoloader\Autoloader->loadInNamespace('App\\Controllers...')
#2 [internal function]: CodeIgniter\Autoloader\Autoloader->loadClass('App\\Controllers...')
#3 [internal function]: spl_autoload_call('App\\Controllers...')
#4 H:\XAMPP\htdocs\myschool\system\CodeIgniter.php(893): class_exists('\\App\\Controller...', true)
#5 H:\XAMPP\htdocs\myschool\system\CodeIgniter.php(417): CodeIgniter\CodeIgniter->startController()
#6 H:\XAMPP\htdocs\myschool\system\CodeIgniter.php(333): CodeIgniter\CodeIgniter->handleRequest(NULL, Object(Config\Cache), false)
#7 H:\XAMPP\htdocs\myschool\index.php(44): CodeIgniter\CodeIgniter->run()
#8 {main}
CRITICAL - 2021-04-11 10:18:45 --> Invalid file: add_data.php
#0 H:\XAMPP\htdocs\myschool\system\View\View.php(203): CodeIgniter\Exceptions\FrameworkException::forInvalidFile('add_data.php')
#1 H:\XAMPP\htdocs\myschool\system\Common.php(1217): CodeIgniter\View\View->render('add_data', Array, true)
#2 H:\XAMPP\htdocs\myschool\app\Controllers\RoleMgtController.php(43): view('add_data', Array)
#3 H:\XAMPP\htdocs\myschool\system\CodeIgniter.php(936): App\Controllers\RoleMgtController->add_validation()
#4 H:\XAMPP\htdocs\myschool\system\CodeIgniter.php(432): CodeIgniter\CodeIgniter->runController(Object(App\Controllers\RoleMgtController))
#5 H:\XAMPP\htdocs\myschool\system\CodeIgniter.php(333): CodeIgniter\CodeIgniter->handleRequest(NULL, Object(Config\Cache), false)
#6 H:\XAMPP\htdocs\myschool\index.php(44): CodeIgniter\CodeIgniter->run()
#7 {main}
CRITICAL - 2021-04-11 10:19:24 --> Invalid file: add_data.php
#0 H:\XAMPP\htdocs\myschool\system\View\View.php(203): CodeIgniter\Exceptions\FrameworkException::forInvalidFile('add_data.php')
#1 H:\XAMPP\htdocs\myschool\system\Common.php(1217): CodeIgniter\View\View->render('add_data', Array, true)
#2 H:\XAMPP\htdocs\myschool\app\Controllers\RoleMgtController.php(43): view('add_data', Array)
#3 H:\XAMPP\htdocs\myschool\system\CodeIgniter.php(936): App\Controllers\RoleMgtController->add_validation()
#4 H:\XAMPP\htdocs\myschool\system\CodeIgniter.php(432): CodeIgniter\CodeIgniter->runController(Object(App\Controllers\RoleMgtController))
#5 H:\XAMPP\htdocs\myschool\system\CodeIgniter.php(333): CodeIgniter\CodeIgniter->handleRequest(NULL, Object(Config\Cache), false)
#6 H:\XAMPP\htdocs\myschool\index.php(44): CodeIgniter\CodeIgniter->run()
#7 {main}
CRITICAL - 2021-04-11 10:19:28 --> Invalid file: add_data.php
#0 H:\XAMPP\htdocs\myschool\system\View\View.php(203): CodeIgniter\Exceptions\FrameworkException::forInvalidFile('add_data.php')
#1 H:\XAMPP\htdocs\myschool\system\Common.php(1217): CodeIgniter\View\View->render('add_data', Array, true)
#2 H:\XAMPP\htdocs\myschool\app\Controllers\RoleMgtController.php(43): view('add_data', Array)
#3 H:\XAMPP\htdocs\myschool\system\CodeIgniter.php(936): App\Controllers\RoleMgtController->add_validation()
#4 H:\XAMPP\htdocs\myschool\system\CodeIgniter.php(432): CodeIgniter\CodeIgniter->runController(Object(App\Controllers\RoleMgtController))
#5 H:\XAMPP\htdocs\myschool\system\CodeIgniter.php(333): CodeIgniter\CodeIgniter->handleRequest(NULL, Object(Config\Cache), false)
#6 H:\XAMPP\htdocs\myschool\index.php(44): CodeIgniter\CodeIgniter->run()
#7 {main}
CRITICAL - 2021-04-11 10:19:45 --> Invalid file: add_data.php
#0 H:\XAMPP\htdocs\myschool\system\View\View.php(203): CodeIgniter\Exceptions\FrameworkException::forInvalidFile('add_data.php')
#1 H:\XAMPP\htdocs\myschool\system\Common.php(1217): CodeIgniter\View\View->render('add_data', Array, true)
#2 H:\XAMPP\htdocs\myschool\app\Controllers\RoleMgtController.php(43): view('add_data', Array)
#3 H:\XAMPP\htdocs\myschool\system\CodeIgniter.php(936): App\Controllers\RoleMgtController->add_validation()
#4 H:\XAMPP\htdocs\myschool\system\CodeIgniter.php(432): CodeIgniter\CodeIgniter->runController(Object(App\Controllers\RoleMgtController))
#5 H:\XAMPP\htdocs\myschool\system\CodeIgniter.php(333): CodeIgniter\CodeIgniter->handleRequest(NULL, Object(Config\Cache), false)
#6 H:\XAMPP\htdocs\myschool\index.php(44): CodeIgniter\CodeIgniter->run()
#7 {main}
CRITICAL - 2021-04-11 10:19:58 --> Invalid file: add_data.php
#0 H:\XAMPP\htdocs\myschool\system\View\View.php(203): CodeIgniter\Exceptions\FrameworkException::forInvalidFile('add_data.php')
#1 H:\XAMPP\htdocs\myschool\system\Common.php(1217): CodeIgniter\View\View->render('add_data', Array, true)
#2 H:\XAMPP\htdocs\myschool\app\Controllers\RoleMgtController.php(43): view('add_data', Array)
#3 H:\XAMPP\htdocs\myschool\system\CodeIgniter.php(936): App\Controllers\RoleMgtController->add_validation()
#4 H:\XAMPP\htdocs\myschool\system\CodeIgniter.php(432): CodeIgniter\CodeIgniter->runController(Object(App\Controllers\RoleMgtController))
#5 H:\XAMPP\htdocs\myschool\system\CodeIgniter.php(333): CodeIgniter\CodeIgniter->handleRequest(NULL, Object(Config\Cache), false)
#6 H:\XAMPP\htdocs\myschool\index.php(44): CodeIgniter\CodeIgniter->run()
#7 {main}
CRITICAL - 2021-04-11 10:20:06 --> Invalid file: add_data.php
#0 H:\XAMPP\htdocs\myschool\system\View\View.php(203): CodeIgniter\Exceptions\FrameworkException::forInvalidFile('add_data.php')
#1 H:\XAMPP\htdocs\myschool\system\Common.php(1217): CodeIgniter\View\View->render('add_data', Array, true)
#2 H:\XAMPP\htdocs\myschool\app\Controllers\RoleMgtController.php(43): view('add_data', Array)
#3 H:\XAMPP\htdocs\myschool\system\CodeIgniter.php(936): App\Controllers\RoleMgtController->add_validation()
#4 H:\XAMPP\htdocs\myschool\system\CodeIgniter.php(432): CodeIgniter\CodeIgniter->runController(Object(App\Controllers\RoleMgtController))
#5 H:\XAMPP\htdocs\myschool\system\CodeIgniter.php(333): CodeIgniter\CodeIgniter->handleRequest(NULL, Object(Config\Cache), false)
#6 H:\XAMPP\htdocs\myschool\index.php(44): CodeIgniter\CodeIgniter->run()
#7 {main}
CRITICAL - 2021-04-11 10:20:39 --> Invalid file: add_data.php
#0 H:\XAMPP\htdocs\myschool\system\View\View.php(203): CodeIgniter\Exceptions\FrameworkException::forInvalidFile('add_data.php')
#1 H:\XAMPP\htdocs\myschool\system\Common.php(1217): CodeIgniter\View\View->render('add_data', Array, true)
#2 H:\XAMPP\htdocs\myschool\app\Controllers\RoleMgtController.php(42): view('add_data', Array)
#3 H:\XAMPP\htdocs\myschool\system\CodeIgniter.php(936): App\Controllers\RoleMgtController->add_validation()
#4 H:\XAMPP\htdocs\myschool\system\CodeIgniter.php(432): CodeIgniter\CodeIgniter->runController(Object(App\Controllers\RoleMgtController))
#5 H:\XAMPP\htdocs\myschool\system\CodeIgniter.php(333): CodeIgniter\CodeIgniter->handleRequest(NULL, Object(Config\Cache), false)
#6 H:\XAMPP\htdocs\myschool\index.php(44): CodeIgniter\CodeIgniter->run()
#7 {main}
CRITICAL - 2021-04-11 10:21:12 --> Invalid file: add_data.php
#0 H:\XAMPP\htdocs\myschool\system\View\View.php(203): CodeIgniter\Exceptions\FrameworkException::forInvalidFile('add_data.php')
#1 H:\XAMPP\htdocs\myschool\system\Common.php(1217): CodeIgniter\View\View->render('add_data', Array, true)
#2 H:\XAMPP\htdocs\myschool\app\Controllers\RoleMgtController.php(42): view('add_data', Array)
#3 H:\XAMPP\htdocs\myschool\system\CodeIgniter.php(936): App\Controllers\RoleMgtController->add_validation()
#4 H:\XAMPP\htdocs\myschool\system\CodeIgniter.php(432): CodeIgniter\CodeIgniter->runController(Object(App\Controllers\RoleMgtController))
#5 H:\XAMPP\htdocs\myschool\system\CodeIgniter.php(333): CodeIgniter\CodeIgniter->handleRequest(NULL, Object(Config\Cache), false)
#6 H:\XAMPP\htdocs\myschool\index.php(44): CodeIgniter\CodeIgniter->run()
#7 {main}
CRITICAL - 2021-04-11 10:21:33 --> syntax error, unexpected '}', expecting end of file
#0 H:\XAMPP\htdocs\myschool\system\Autoloader\Autoloader.php(265): CodeIgniter\Autoloader\Autoloader->includeFile('H:\\XAMPP\\htdocs...')
#1 H:\XAMPP\htdocs\myschool\system\Autoloader\Autoloader.php(228): CodeIgniter\Autoloader\Autoloader->loadInNamespace('App\\Controllers...')
#2 [internal function]: CodeIgniter\Autoloader\Autoloader->loadClass('App\\Controllers...')
#3 [internal function]: spl_autoload_call('App\\Controllers...')
#4 H:\XAMPP\htdocs\myschool\system\CodeIgniter.php(893): class_exists('\\App\\Controller...', true)
#5 H:\XAMPP\htdocs\myschool\system\CodeIgniter.php(417): CodeIgniter\CodeIgniter->startController()
#6 H:\XAMPP\htdocs\myschool\system\CodeIgniter.php(333): CodeIgniter\CodeIgniter->handleRequest(NULL, Object(Config\Cache), false)
#7 H:\XAMPP\htdocs\myschool\index.php(44): CodeIgniter\CodeIgniter->run()
#8 {main}
CRITICAL - 2021-04-11 10:22:37 --> Invalid file: add_data.php
#0 H:\XAMPP\htdocs\myschool\system\View\View.php(203): CodeIgniter\Exceptions\FrameworkException::forInvalidFile('add_data.php')
#1 H:\XAMPP\htdocs\myschool\system\Common.php(1217): CodeIgniter\View\View->render('add_data', Array, true)
#2 H:\XAMPP\htdocs\myschool\app\Controllers\RoleMgtController.php(42): view('add_data', Array)
#3 H:\XAMPP\htdocs\myschool\system\CodeIgniter.php(936): App\Controllers\RoleMgtController->add_validation()
#4 H:\XAMPP\htdocs\myschool\system\CodeIgniter.php(432): CodeIgniter\CodeIgniter->runController(Object(App\Controllers\RoleMgtController))
#5 H:\XAMPP\htdocs\myschool\system\CodeIgniter.php(333): CodeIgniter\CodeIgniter->handleRequest(NULL, Object(Config\Cache), false)
#6 H:\XAMPP\htdocs\myschool\index.php(44): CodeIgniter\CodeIgniter->run()
#7 {main}
CRITICAL - 2021-04-11 22:28:11 --> syntax error, unexpected '->' (T_OBJECT_OPERATOR)
#0 H:\XAMPP\htdocs\myschool\system\Autoloader\Autoloader.php(265): CodeIgniter\Autoloader\Autoloader->includeFile('H:\\XAMPP\\htdocs...')
#1 H:\XAMPP\htdocs\myschool\system\Autoloader\Autoloader.php(228): CodeIgniter\Autoloader\Autoloader->loadInNamespace('App\\Controllers...')
#2 [internal function]: CodeIgniter\Autoloader\Autoloader->loadClass('App\\Controllers...')
#3 [internal function]: spl_autoload_call('App\\Controllers...')
#4 H:\XAMPP\htdocs\myschool\system\CodeIgniter.php(893): class_exists('\\App\\Controller...', true)
#5 H:\XAMPP\htdocs\myschool\system\CodeIgniter.php(417): CodeIgniter\CodeIgniter->startController()
#6 H:\XAMPP\htdocs\myschool\system\CodeIgniter.php(333): CodeIgniter\CodeIgniter->handleRequest(NULL, Object(Config\Cache), false)
#7 H:\XAMPP\htdocs\myschool\index.php(44): CodeIgniter\CodeIgniter->run()
#8 {main}
ERROR - 2021-04-11 22:29:22 --> mysqli_sql_exception: You have an error in your SQL syntax; check the manual that corresponds to your MariaDB server version for the right syntax to use near '<>' at line 3 in H:\XAMPP\htdocs\myschool\system\Database\MySQLi\Connection.php:314
Stack trace:
#0 H:\XAMPP\htdocs\myschool\system\Database\MySQLi\Connection.php(314): mysqli->query('SELECT COUNT(*)...')
#1 H:\XAMPP\htdocs\myschool\system\Database\BaseConnection.php(713): CodeIgniter\Database\MySQLi\Connection->execute('SELECT COUNT(*)...')
#2 H:\XAMPP\htdocs\myschool\system\Database\BaseConnection.php(641): CodeIgniter\Database\BaseConnection->simpleQuery('SELECT COUNT(*)...')
#3 H:\XAMPP\htdocs\myschool\system\Database\BaseBuilder.php(1966): CodeIgniter\Database\BaseConnection->query('SELECT COUNT(*)...', Array, false)
#4 H:\XAMPP\htdocs\myschool\system\Model.php(570): CodeIgniter\Database\BaseBuilder->countAllResults(false)
#5 H:\XAMPP\htdocs\myschool\system\BaseModel.php(1140): CodeIgniter\Model->countAllResults(false)
#6 H:\XAMPP\htdocs\myschool\app\Controllers\RoleMgtController.php(18): CodeIgniter\BaseModel->paginate(10)
#7 H:\XAMPP\htdocs\myschool\system\CodeIgniter.php(936): App\Controllers\RoleMgtController->index()
#8 H:\XAMPP\htdocs\myschool\system\CodeIgniter.php(432): CodeIgniter\CodeIgniter->runController(Object(App\Controllers\RoleMgtController))
#9 H:\XAMPP\htdocs\myschool\system\CodeIgniter.php(333): CodeIgniter\CodeIgniter->handleRequest(NULL, Object(Config\Cache), false)
#10 H:\XAMPP\htdocs\myschool\index.php(44): CodeIgniter\CodeIgniter->run()
#11 {main}
ERROR - 2021-04-11 22:29:22 --> mysqli_sql_exception: You have an error in your SQL syntax; check the manual that corresponds to your MariaDB server version for the right syntax to use near '<>
ORDER BY `roleMgt_table`.`user_role_id`
 LIMIT 10' at line 3 in H:\XAMPP\htdocs\myschool\system\Database\MySQLi\Connection.php:314
Stack trace:
#0 H:\XAMPP\htdocs\myschool\system\Database\MySQLi\Connection.php(314): mysqli->query('SELECT *\nFROM `...')
#1 H:\XAMPP\htdocs\myschool\system\Database\BaseConnection.php(713): CodeIgniter\Database\MySQLi\Connection->execute('SELECT *\nFROM `...')
#2 H:\XAMPP\htdocs\myschool\system\Database\BaseConnection.php(641): CodeIgniter\Database\BaseConnection->simpleQuery('SELECT *\nFROM `...')
#3 H:\XAMPP\htdocs\myschool\system\Database\BaseBuilder.php(1866): CodeIgniter\Database\BaseConnection->query('SELECT *\nFROM `...', Array, false)
#4 H:\XAMPP\htdocs\myschool\system\Model.php(213): CodeIgniter\Database\BaseBuilder->get()
#5 H:\XAMPP\htdocs\myschool\system\BaseModel.php(583): CodeIgniter\Model->doFindAll(10, 0)
#6 H:\XAMPP\htdocs\myschool\system\BaseModel.php(1144): CodeIgniter\BaseModel->findAll(10, 0)
#7 H:\XAMPP\htdocs\myschool\app\Controllers\RoleMgtController.php(18): CodeIgniter\BaseModel->paginate(10)
#8 H:\XAMPP\htdocs\myschool\system\CodeIgniter.php(936): App\Controllers\RoleMgtController->index()
#9 H:\XAMPP\htdocs\myschool\system\CodeIgniter.php(432): CodeIgniter\CodeIgniter->runController(Object(App\Controllers\RoleMgtController))
#10 H:\XAMPP\htdocs\myschool\system\CodeIgniter.php(333): CodeIgniter\CodeIgniter->handleRequest(NULL, Object(Config\Cache), false)
#11 H:\XAMPP\htdocs\myschool\index.php(44): CodeIgniter\CodeIgniter->run()
#12 {main}
ERROR - 2021-04-11 22:29:35 --> mysqli_sql_exception: You have an error in your SQL syntax; check the manual that corresponds to your MariaDB server version for the right syntax to use near '=' at line 3 in H:\XAMPP\htdocs\myschool\system\Database\MySQLi\Connection.php:314
Stack trace:
#0 H:\XAMPP\htdocs\myschool\system\Database\MySQLi\Connection.php(314): mysqli->query('SELECT COUNT(*)...')
#1 H:\XAMPP\htdocs\myschool\system\Database\BaseConnection.php(713): CodeIgniter\Database\MySQLi\Connection->execute('SELECT COUNT(*)...')
#2 H:\XAMPP\htdocs\myschool\system\Database\BaseConnection.php(641): CodeIgniter\Database\BaseConnection->simpleQuery('SELECT COUNT(*)...')
#3 H:\XAMPP\htdocs\myschool\system\Database\BaseBuilder.php(1966): CodeIgniter\Database\BaseConnection->query('SELECT COUNT(*)...', Array, false)
#4 H:\XAMPP\htdocs\myschool\system\Model.php(570): CodeIgniter\Database\BaseBuilder->countAllResults(false)
#5 H:\XAMPP\htdocs\myschool\system\BaseModel.php(1140): CodeIgniter\Model->countAllResults(false)
#6 H:\XAMPP\htdocs\myschool\app\Controllers\RoleMgtController.php(18): CodeIgniter\BaseModel->paginate(10)
#7 H:\XAMPP\htdocs\myschool\system\CodeIgniter.php(936): App\Controllers\RoleMgtController->index()
#8 H:\XAMPP\htdocs\myschool\system\CodeIgniter.php(432): CodeIgniter\CodeIgniter->runController(Object(App\Controllers\RoleMgtController))
#9 H:\XAMPP\htdocs\myschool\system\CodeIgniter.php(333): CodeIgniter\CodeIgniter->handleRequest(NULL, Object(Config\Cache), false)
#10 H:\XAMPP\htdocs\myschool\index.php(44): CodeIgniter\CodeIgniter->run()
#11 {main}
ERROR - 2021-04-11 22:29:35 --> mysqli_sql_exception: You have an error in your SQL syntax; check the manual that corresponds to your MariaDB server version for the right syntax to use near '=
ORDER BY `roleMgt_table`.`user_role_id`
 LIMIT 10' at line 3 in H:\XAMPP\htdocs\myschool\system\Database\MySQLi\Connection.php:314
Stack trace:
#0 H:\XAMPP\htdocs\myschool\system\Database\MySQLi\Connection.php(314): mysqli->query('SELECT *\nFROM `...')
#1 H:\XAMPP\htdocs\myschool\system\Database\BaseConnection.php(713): CodeIgniter\Database\MySQLi\Connection->execute('SELECT *\nFROM `...')
#2 H:\XAMPP\htdocs\myschool\system\Database\BaseConnection.php(641): CodeIgniter\Database\BaseConnection->simpleQuery('SELECT *\nFROM `...')
#3 H:\XAMPP\htdocs\myschool\system\Database\BaseBuilder.php(1866): CodeIgniter\Database\BaseConnection->query('SELECT *\nFROM `...', Array, false)
#4 H:\XAMPP\htdocs\myschool\system\Model.php(213): CodeIgniter\Database\BaseBuilder->get()
#5 H:\XAMPP\htdocs\myschool\system\BaseModel.php(583): CodeIgniter\Model->doFindAll(10, 0)
#6 H:\XAMPP\htdocs\myschool\system\BaseModel.php(1144): CodeIgniter\BaseModel->findAll(10, 0)
#7 H:\XAMPP\htdocs\myschool\app\Controllers\RoleMgtController.php(18): CodeIgniter\BaseModel->paginate(10)
#8 H:\XAMPP\htdocs\myschool\system\CodeIgniter.php(936): App\Controllers\RoleMgtController->index()
#9 H:\XAMPP\htdocs\myschool\system\CodeIgniter.php(432): CodeIgniter\CodeIgniter->runController(Object(App\Controllers\RoleMgtController))
#10 H:\XAMPP\htdocs\myschool\system\CodeIgniter.php(333): CodeIgniter\CodeIgniter->handleRequest(NULL, Object(Config\Cache), false)
#11 H:\XAMPP\htdocs\myschool\index.php(44): CodeIgniter\CodeIgniter->run()
#12 {main}
ERROR - 2021-04-11 22:29:43 --> mysqli_sql_exception: You have an error in your SQL syntax; check the manual that corresponds to your MariaDB server version for the right syntax to use near '=' at line 3 in H:\XAMPP\htdocs\myschool\system\Database\MySQLi\Connection.php:314
Stack trace:
#0 H:\XAMPP\htdocs\myschool\system\Database\MySQLi\Connection.php(314): mysqli->query('SELECT COUNT(*)...')
#1 H:\XAMPP\htdocs\myschool\system\Database\BaseConnection.php(713): CodeIgniter\Database\MySQLi\Connection->execute('SELECT COUNT(*)...')
#2 H:\XAMPP\htdocs\myschool\system\Database\BaseConnection.php(641): CodeIgniter\Database\BaseConnection->simpleQuery('SELECT COUNT(*)...')
#3 H:\XAMPP\htdocs\myschool\system\Database\BaseBuilder.php(1966): CodeIgniter\Database\BaseConnection->query('SELECT COUNT(*)...', Array, false)
#4 H:\XAMPP\htdocs\myschool\system\Model.php(570): CodeIgniter\Database\BaseBuilder->countAllResults(false)
#5 H:\XAMPP\htdocs\myschool\system\BaseModel.php(1140): CodeIgniter\Model->countAllResults(false)
#6 H:\XAMPP\htdocs\myschool\app\Controllers\RoleMgtController.php(18): CodeIgniter\BaseModel->paginate(10)
#7 H:\XAMPP\htdocs\myschool\system\CodeIgniter.php(936): App\Controllers\RoleMgtController->index()
#8 H:\XAMPP\htdocs\myschool\system\CodeIgniter.php(432): CodeIgniter\CodeIgniter->runController(Object(App\Controllers\RoleMgtController))
#9 H:\XAMPP\htdocs\myschool\system\CodeIgniter.php(333): CodeIgniter\CodeIgniter->handleRequest(NULL, Object(Config\Cache), false)
#10 H:\XAMPP\htdocs\myschool\index.php(44): CodeIgniter\CodeIgniter->run()
#11 {main}
ERROR - 2021-04-11 22:29:43 --> mysqli_sql_exception: You have an error in your SQL syntax; check the manual that corresponds to your MariaDB server version for the right syntax to use near '=
ORDER BY `roleMgt_table`.`user_role_id`
 LIMIT 10' at line 3 in H:\XAMPP\htdocs\myschool\system\Database\MySQLi\Connection.php:314
Stack trace:
#0 H:\XAMPP\htdocs\myschool\system\Database\MySQLi\Connection.php(314): mysqli->query('SELECT *\nFROM `...')
#1 H:\XAMPP\htdocs\myschool\system\Database\BaseConnection.php(713): CodeIgniter\Database\MySQLi\Connection->execute('SELECT *\nFROM `...')
#2 H:\XAMPP\htdocs\myschool\system\Database\BaseConnection.php(641): CodeIgniter\Database\BaseConnection->simpleQuery('SELECT *\nFROM `...')
#3 H:\XAMPP\htdocs\myschool\system\Database\BaseBuilder.php(1866): CodeIgniter\Database\BaseConnection->query('SELECT *\nFROM `...', Array, false)
#4 H:\XAMPP\htdocs\myschool\system\Model.php(213): CodeIgniter\Database\BaseBuilder->get()
#5 H:\XAMPP\htdocs\myschool\system\BaseModel.php(583): CodeIgniter\Model->doFindAll(10, 0)
#6 H:\XAMPP\htdocs\myschool\system\BaseModel.php(1144): CodeIgniter\BaseModel->findAll(10, 0)
#7 H:\XAMPP\htdocs\myschool\app\Controllers\RoleMgtController.php(18): CodeIgniter\BaseModel->paginate(10)
#8 H:\XAMPP\htdocs\myschool\system\CodeIgniter.php(936): App\Controllers\RoleMgtController->index()
#9 H:\XAMPP\htdocs\myschool\system\CodeIgniter.php(432): CodeIgniter\CodeIgniter->runController(Object(App\Controllers\RoleMgtController))
#10 H:\XAMPP\htdocs\myschool\system\CodeIgniter.php(333): CodeIgniter\CodeIgniter->handleRequest(NULL, Object(Config\Cache), false)
#11 H:\XAMPP\htdocs\myschool\index.php(44): CodeIgniter\CodeIgniter->run()
#12 {main}
ERROR - 2021-04-11 22:30:17 --> mysqli_sql_exception: You have an error in your SQL syntax; check the manual that corresponds to your MariaDB server version for the right syntax to use near '=' at line 3 in H:\XAMPP\htdocs\myschool\system\Database\MySQLi\Connection.php:314
Stack trace:
#0 H:\XAMPP\htdocs\myschool\system\Database\MySQLi\Connection.php(314): mysqli->query('SELECT COUNT(*)...')
#1 H:\XAMPP\htdocs\myschool\system\Database\BaseConnection.php(713): CodeIgniter\Database\MySQLi\Connection->execute('SELECT COUNT(*)...')
#2 H:\XAMPP\htdocs\myschool\system\Database\BaseConnection.php(641): CodeIgniter\Database\BaseConnection->simpleQuery('SELECT COUNT(*)...')
#3 H:\XAMPP\htdocs\myschool\system\Database\BaseBuilder.php(1966): CodeIgniter\Database\BaseConnection->query('SELECT COUNT(*)...', Array, false)
#4 H:\XAMPP\htdocs\myschool\system\Model.php(570): CodeIgniter\Database\BaseBuilder->countAllResults(false)
#5 H:\XAMPP\htdocs\myschool\system\BaseModel.php(1140): CodeIgniter\Model->countAllResults(false)
#6 H:\XAMPP\htdocs\myschool\app\Controllers\RoleMgtController.php(18): CodeIgniter\BaseModel->paginate(10)
#7 H:\XAMPP\htdocs\myschool\system\CodeIgniter.php(936): App\Controllers\RoleMgtController->index()
#8 H:\XAMPP\htdocs\myschool\system\CodeIgniter.php(432): CodeIgniter\CodeIgniter->runController(Object(App\Controllers\RoleMgtController))
#9 H:\XAMPP\htdocs\myschool\system\CodeIgniter.php(333): CodeIgniter\CodeIgniter->handleRequest(NULL, Object(Config\Cache), false)
#10 H:\XAMPP\htdocs\myschool\index.php(44): CodeIgniter\CodeIgniter->run()
#11 {main}
ERROR - 2021-04-11 22:30:17 --> mysqli_sql_exception: You have an error in your SQL syntax; check the manual that corresponds to your MariaDB server version for the right syntax to use near '=
ORDER BY `roleMgt_table`.`user_role_id`
 LIMIT 10' at line 3 in H:\XAMPP\htdocs\myschool\system\Database\MySQLi\Connection.php:314
Stack trace:
#0 H:\XAMPP\htdocs\myschool\system\Database\MySQLi\Connection.php(314): mysqli->query('SELECT *\nFROM `...')
#1 H:\XAMPP\htdocs\myschool\system\Database\BaseConnection.php(713): CodeIgniter\Database\MySQLi\Connection->execute('SELECT *\nFROM `...')
#2 H:\XAMPP\htdocs\myschool\system\Database\BaseConnection.php(641): CodeIgniter\Database\BaseConnection->simpleQuery('SELECT *\nFROM `...')
#3 H:\XAMPP\htdocs\myschool\system\Database\BaseBuilder.php(1866): CodeIgniter\Database\BaseConnection->query('SELECT *\nFROM `...', Array, false)
#4 H:\XAMPP\htdocs\myschool\system\Model.php(213): CodeIgniter\Database\BaseBuilder->get()
#5 H:\XAMPP\htdocs\myschool\system\BaseModel.php(583): CodeIgniter\Model->doFindAll(10, 0)
#6 H:\XAMPP\htdocs\myschool\system\BaseModel.php(1144): CodeIgniter\BaseModel->findAll(10, 0)
#7 H:\XAMPP\htdocs\myschool\app\Controllers\RoleMgtController.php(18): CodeIgniter\BaseModel->paginate(10)
#8 H:\XAMPP\htdocs\myschool\system\CodeIgniter.php(936): App\Controllers\RoleMgtController->index()
#9 H:\XAMPP\htdocs\myschool\system\CodeIgniter.php(432): CodeIgniter\CodeIgniter->runController(Object(App\Controllers\RoleMgtController))
#10 H:\XAMPP\htdocs\myschool\system\CodeIgniter.php(333): CodeIgniter\CodeIgniter->handleRequest(NULL, Object(Config\Cache), false)
#11 H:\XAMPP\htdocs\myschool\index.php(44): CodeIgniter\CodeIgniter->run()
#12 {main}
CRITICAL - 2021-04-11 22:32:14 --> Call to undefined method App\Models\RoleMgtModel::where_not_in
#0 H:\XAMPP\htdocs\myschool\app\Controllers\RoleMgtController.php(17): CodeIgniter\Model->__call('where_not_in', Array)
#1 H:\XAMPP\htdocs\myschool\system\CodeIgniter.php(936): App\Controllers\RoleMgtController->index()
#2 H:\XAMPP\htdocs\myschool\system\CodeIgniter.php(432): CodeIgniter\CodeIgniter->runController(Object(App\Controllers\RoleMgtController))
#3 H:\XAMPP\htdocs\myschool\system\CodeIgniter.php(333): CodeIgniter\CodeIgniter->handleRequest(NULL, Object(Config\Cache), false)
#4 H:\XAMPP\htdocs\myschool\index.php(44): CodeIgniter\CodeIgniter->run()
#5 {main}
CRITICAL - 2021-04-11 22:32:23 --> Call to undefined method App\Models\RoleMgtModel::where_not_in
#0 H:\XAMPP\htdocs\myschool\app\Controllers\RoleMgtController.php(17): CodeIgniter\Model->__call('where_not_in', Array)
#1 H:\XAMPP\htdocs\myschool\system\CodeIgniter.php(936): App\Controllers\RoleMgtController->index()
#2 H:\XAMPP\htdocs\myschool\system\CodeIgniter.php(432): CodeIgniter\CodeIgniter->runController(Object(App\Controllers\RoleMgtController))
#3 H:\XAMPP\htdocs\myschool\system\CodeIgniter.php(333): CodeIgniter\CodeIgniter->handleRequest(NULL, Object(Config\Cache), false)
#4 H:\XAMPP\htdocs\myschool\index.php(44): CodeIgniter\CodeIgniter->run()
#5 {main}
ERROR - 2021-04-11 23:02:38 --> mysqli_sql_exception: Illegal parameter data types int and row for operation '=' in H:\XAMPP\htdocs\myschool\system\Database\MySQLi\Connection.php:314
Stack trace:
#0 H:\XAMPP\htdocs\myschool\system\Database\MySQLi\Connection.php(314): mysqli->query('SELECT COUNT(*)...')
#1 H:\XAMPP\htdocs\myschool\system\Database\BaseConnection.php(713): CodeIgniter\Database\MySQLi\Connection->execute('SELECT COUNT(*)...')
#2 H:\XAMPP\htdocs\myschool\system\Database\BaseConnection.php(641): CodeIgniter\Database\BaseConnection->simpleQuery('SELECT COUNT(*)...')
#3 H:\XAMPP\htdocs\myschool\system\Database\BaseBuilder.php(1966): CodeIgniter\Database\BaseConnection->query('SELECT COUNT(*)...', Array, false)
#4 H:\XAMPP\htdocs\myschool\system\Model.php(570): CodeIgniter\Database\BaseBuilder->countAllResults(false)
#5 H:\XAMPP\htdocs\myschool\system\BaseModel.php(1140): CodeIgniter\Model->countAllResults(false)
#6 H:\XAMPP\htdocs\myschool\app\Controllers\RoleMgtController.php(18): CodeIgniter\BaseModel->paginate(10)
#7 H:\XAMPP\htdocs\myschool\system\CodeIgniter.php(936): App\Controllers\RoleMgtController->index()
#8 H:\XAMPP\htdocs\myschool\system\CodeIgniter.php(432): CodeIgniter\CodeIgniter->runController(Object(App\Controllers\RoleMgtController))
#9 H:\XAMPP\htdocs\myschool\system\CodeIgniter.php(333): CodeIgniter\CodeIgniter->handleRequest(NULL, Object(Config\Cache), false)
#10 H:\XAMPP\htdocs\myschool\index.php(44): CodeIgniter\CodeIgniter->run()
#11 {main}
ERROR - 2021-04-11 23:02:38 --> mysqli_sql_exception: Illegal parameter data types int and row for operation '=' in H:\XAMPP\htdocs\myschool\system\Database\MySQLi\Connection.php:314
Stack trace:
#0 H:\XAMPP\htdocs\myschool\system\Database\MySQLi\Connection.php(314): mysqli->query('SELECT *\nFROM `...')
#1 H:\XAMPP\htdocs\myschool\system\Database\BaseConnection.php(713): CodeIgniter\Database\MySQLi\Connection->execute('SELECT *\nFROM `...')
#2 H:\XAMPP\htdocs\myschool\system\Database\BaseConnection.php(641): CodeIgniter\Database\BaseConnection->simpleQuery('SELECT *\nFROM `...')
#3 H:\XAMPP\htdocs\myschool\system\Database\BaseBuilder.php(1866): CodeIgniter\Database\BaseConnection->query('SELECT *\nFROM `...', Array, false)
#4 H:\XAMPP\htdocs\myschool\system\Model.php(213): CodeIgniter\Database\BaseBuilder->get()
#5 H:\XAMPP\htdocs\myschool\system\BaseModel.php(583): CodeIgniter\Model->doFindAll(10, 0)
#6 H:\XAMPP\htdocs\myschool\system\BaseModel.php(1144): CodeIgniter\BaseModel->findAll(10, 0)
#7 H:\XAMPP\htdocs\myschool\app\Controllers\RoleMgtController.php(18): CodeIgniter\BaseModel->paginate(10)
#8 H:\XAMPP\htdocs\myschool\system\CodeIgniter.php(936): App\Controllers\RoleMgtController->index()
#9 H:\XAMPP\htdocs\myschool\system\CodeIgniter.php(432): CodeIgniter\CodeIgniter->runController(Object(App\Controllers\RoleMgtController))
#10 H:\XAMPP\htdocs\myschool\system\CodeIgniter.php(333): CodeIgniter\CodeIgniter->handleRequest(NULL, Object(Config\Cache), false)
#11 H:\XAMPP\htdocs\myschool\index.php(44): CodeIgniter\CodeIgniter->run()
#12 {main}
CRITICAL - 2021-04-11 23:03:55 --> Call to undefined method App\Models\RoleMgtModel::whereNot
#0 H:\XAMPP\htdocs\myschool\app\Controllers\RoleMgtController.php(17): CodeIgniter\Model->__call('whereNot', Array)
#1 H:\XAMPP\htdocs\myschool\system\CodeIgniter.php(936): App\Controllers\RoleMgtController->index()
#2 H:\XAMPP\htdocs\myschool\system\CodeIgniter.php(432): CodeIgniter\CodeIgniter->runController(Object(App\Controllers\RoleMgtController))
#3 H:\XAMPP\htdocs\myschool\system\CodeIgniter.php(333): CodeIgniter\CodeIgniter->handleRequest(NULL, Object(Config\Cache), false)
#4 H:\XAMPP\htdocs\myschool\index.php(44): CodeIgniter\CodeIgniter->run()
#5 {main}
ERROR - 2021-04-11 23:16:30 --> mysqli_sql_exception: You have an error in your SQL syntax; check the manual that corresponds to your MariaDB server version for the right syntax to use near '.`id`)
WHERE `roleMgt_table`.`user_role_id` NOT IN (0)' at line 3 in H:\XAMPP\htdocs\myschool\system\Database\MySQLi\Connection.php:314
Stack trace:
#0 H:\XAMPP\htdocs\myschool\system\Database\MySQLi\Connection.php(314): mysqli->query('SELECT COUNT(*)...')
#1 H:\XAMPP\htdocs\myschool\system\Database\BaseConnection.php(713): CodeIgniter\Database\MySQLi\Connection->execute('SELECT COUNT(*)...')
#2 H:\XAMPP\htdocs\myschool\system\Database\BaseConnection.php(641): CodeIgniter\Database\BaseConnection->simpleQuery('SELECT COUNT(*)...')
#3 H:\XAMPP\htdocs\myschool\system\Database\BaseBuilder.php(1966): CodeIgniter\Database\BaseConnection->query('SELECT COUNT(*)...', Array, false)
#4 H:\XAMPP\htdocs\myschool\system\Model.php(570): CodeIgniter\Database\BaseBuilder->countAllResults(false)
#5 H:\XAMPP\htdocs\myschool\system\BaseModel.php(1140): CodeIgniter\Model->countAllResults(false)
#6 H:\XAMPP\htdocs\myschool\app\Controllers\RoleMgtController.php(19): CodeIgniter\BaseModel->paginate(10)
#7 H:\XAMPP\htdocs\myschool\system\CodeIgniter.php(936): App\Controllers\RoleMgtController->index()
#8 H:\XAMPP\htdocs\myschool\system\CodeIgniter.php(432): CodeIgniter\CodeIgniter->runController(Object(App\Controllers\RoleMgtController))
#9 H:\XAMPP\htdocs\myschool\system\CodeIgniter.php(333): CodeIgniter\CodeIgniter->handleRequest(NULL, Object(Config\Cache), false)
#10 H:\XAMPP\htdocs\myschool\index.php(44): CodeIgniter\CodeIgniter->run()
#11 {main}
ERROR - 2021-04-11 23:16:30 --> mysqli_sql_exception: You have an error in your SQL syntax; check the manual that corresponds to your MariaDB server version for the right syntax to use near '.`id`)
WHERE `roleMgt_table`.`user_role_id` NOT IN (0)
ORDER BY `roleMgt_tabl...' at line 3 in H:\XAMPP\htdocs\myschool\system\Database\MySQLi\Connection.php:314
Stack trace:
#0 H:\XAMPP\htdocs\myschool\system\Database\MySQLi\Connection.php(314): mysqli->query('SELECT *\nFROM `...')
#1 H:\XAMPP\htdocs\myschool\system\Database\BaseConnection.php(713): CodeIgniter\Database\MySQLi\Connection->execute('SELECT *\nFROM `...')
#2 H:\XAMPP\htdocs\myschool\system\Database\BaseConnection.php(641): CodeIgniter\Database\BaseConnection->simpleQuery('SELECT *\nFROM `...')
#3 H:\XAMPP\htdocs\myschool\system\Database\BaseBuilder.php(1866): CodeIgniter\Database\BaseConnection->query('SELECT *\nFROM `...', Array, false)
#4 H:\XAMPP\htdocs\myschool\system\Model.php(213): CodeIgniter\Database\BaseBuilder->get()
#5 H:\XAMPP\htdocs\myschool\system\BaseModel.php(583): CodeIgniter\Model->doFindAll(10, 0)
#6 H:\XAMPP\htdocs\myschool\system\BaseModel.php(1144): CodeIgniter\BaseModel->findAll(10, 0)
#7 H:\XAMPP\htdocs\myschool\app\Controllers\RoleMgtController.php(19): CodeIgniter\BaseModel->paginate(10)
#8 H:\XAMPP\htdocs\myschool\system\CodeIgniter.php(936): App\Controllers\RoleMgtController->index()
#9 H:\XAMPP\htdocs\myschool\system\CodeIgniter.php(432): CodeIgniter\CodeIgniter->runController(Object(App\Controllers\RoleMgtController))
#10 H:\XAMPP\htdocs\myschool\system\CodeIgniter.php(333): CodeIgniter\CodeIgniter->handleRequest(NULL, Object(Config\Cache), false)
#11 H:\XAMPP\htdocs\myschool\index.php(44): CodeIgniter\CodeIgniter->run()
#12 {main}
ERROR - 2021-04-11 23:17:34 --> mysqli_sql_exception: You have an error in your SQL syntax; check the manual that corresponds to your MariaDB server version for the right syntax to use near '.`id`)
WHERE `roleMgt_table`.`user_role_id` NOT IN (0)' at line 3 in H:\XAMPP\htdocs\myschool\system\Database\MySQLi\Connection.php:314
Stack trace:
#0 H:\XAMPP\htdocs\myschool\system\Database\MySQLi\Connection.php(314): mysqli->query('SELECT COUNT(*)...')
#1 H:\XAMPP\htdocs\myschool\system\Database\BaseConnection.php(713): CodeIgniter\Database\MySQLi\Connection->execute('SELECT COUNT(*)...')
#2 H:\XAMPP\htdocs\myschool\system\Database\BaseConnection.php(641): CodeIgniter\Database\BaseConnection->simpleQuery('SELECT COUNT(*)...')
#3 H:\XAMPP\htdocs\myschool\system\Database\BaseBuilder.php(1966): CodeIgniter\Database\BaseConnection->query('SELECT COUNT(*)...', Array, false)
#4 H:\XAMPP\htdocs\myschool\system\Model.php(570): CodeIgniter\Database\BaseBuilder->countAllResults(false)
#5 H:\XAMPP\htdocs\myschool\system\BaseModel.php(1140): CodeIgniter\Model->countAllResults(false)
#6 H:\XAMPP\htdocs\myschool\app\Controllers\RoleMgtController.php(20): CodeIgniter\BaseModel->paginate(10)
#7 H:\XAMPP\htdocs\myschool\system\CodeIgniter.php(936): App\Controllers\RoleMgtController->index()
#8 H:\XAMPP\htdocs\myschool\system\CodeIgniter.php(432): CodeIgniter\CodeIgniter->runController(Object(App\Controllers\RoleMgtController))
#9 H:\XAMPP\htdocs\myschool\system\CodeIgniter.php(333): CodeIgniter\CodeIgniter->handleRequest(NULL, Object(Config\Cache), false)
#10 H:\XAMPP\htdocs\myschool\index.php(44): CodeIgniter\CodeIgniter->run()
#11 {main}
ERROR - 2021-04-11 23:17:34 --> mysqli_sql_exception: You have an error in your SQL syntax; check the manual that corresponds to your MariaDB server version for the right syntax to use near '.`id`)
WHERE `roleMgt_table`.`user_role_id` NOT IN (0)
ORDER BY `roleMgt_tabl...' at line 3 in H:\XAMPP\htdocs\myschool\system\Database\MySQLi\Connection.php:314
Stack trace:
#0 H:\XAMPP\htdocs\myschool\system\Database\MySQLi\Connection.php(314): mysqli->query('SELECT `user_gr...')
#1 H:\XAMPP\htdocs\myschool\system\Database\BaseConnection.php(713): CodeIgniter\Database\MySQLi\Connection->execute('SELECT `user_gr...')
#2 H:\XAMPP\htdocs\myschool\system\Database\BaseConnection.php(641): CodeIgniter\Database\BaseConnection->simpleQuery('SELECT `user_gr...')
#3 H:\XAMPP\htdocs\myschool\system\Database\BaseBuilder.php(1866): CodeIgniter\Database\BaseConnection->query('SELECT `user_gr...', Array, false)
#4 H:\XAMPP\htdocs\myschool\system\Model.php(213): CodeIgniter\Database\BaseBuilder->get()
#5 H:\XAMPP\htdocs\myschool\system\BaseModel.php(583): CodeIgniter\Model->doFindAll(10, 0)
#6 H:\XAMPP\htdocs\myschool\system\BaseModel.php(1144): CodeIgniter\BaseModel->findAll(10, 0)
#7 H:\XAMPP\htdocs\myschool\app\Controllers\RoleMgtController.php(20): CodeIgniter\BaseModel->paginate(10)
#8 H:\XAMPP\htdocs\myschool\system\CodeIgniter.php(936): App\Controllers\RoleMgtController->index()
#9 H:\XAMPP\htdocs\myschool\system\CodeIgniter.php(432): CodeIgniter\CodeIgniter->runController(Object(App\Controllers\RoleMgtController))
#10 H:\XAMPP\htdocs\myschool\system\CodeIgniter.php(333): CodeIgniter\CodeIgniter->handleRequest(NULL, Object(Config\Cache), false)
#11 H:\XAMPP\htdocs\myschool\index.php(44): CodeIgniter\CodeIgniter->run()
#12 {main}
CRITICAL - 2021-04-11 23:23:00 --> Call to undefined method App\Controllers\RoleMgtController::join()
#0 H:\XAMPP\htdocs\myschool\system\CodeIgniter.php(936): App\Controllers\RoleMgtController->index()
#1 H:\XAMPP\htdocs\myschool\system\CodeIgniter.php(432): CodeIgniter\CodeIgniter->runController(Object(App\Controllers\RoleMgtController))
#2 H:\XAMPP\htdocs\myschool\system\CodeIgniter.php(333): CodeIgniter\CodeIgniter->handleRequest(NULL, Object(Config\Cache), false)
#3 H:\XAMPP\htdocs\myschool\index.php(44): CodeIgniter\CodeIgniter->run()
#4 {main}
CRITICAL - 2021-04-11 23:23:57 --> Call to undefined method App\Controllers\RoleMgtController::join()
#0 H:\XAMPP\htdocs\myschool\system\CodeIgniter.php(936): App\Controllers\RoleMgtController->index()
#1 H:\XAMPP\htdocs\myschool\system\CodeIgniter.php(432): CodeIgniter\CodeIgniter->runController(Object(App\Controllers\RoleMgtController))
#2 H:\XAMPP\htdocs\myschool\system\CodeIgniter.php(333): CodeIgniter\CodeIgniter->handleRequest(NULL, Object(Config\Cache), false)
#3 H:\XAMPP\htdocs\myschool\index.php(44): CodeIgniter\CodeIgniter->run()
#4 {main}
CRITICAL - 2021-04-11 23:24:13 --> Call to undefined method App\Controllers\RoleMgtController::join()
#0 H:\XAMPP\htdocs\myschool\system\CodeIgniter.php(936): App\Controllers\RoleMgtController->index()
#1 H:\XAMPP\htdocs\myschool\system\CodeIgniter.php(432): CodeIgniter\CodeIgniter->runController(Object(App\Controllers\RoleMgtController))
#2 H:\XAMPP\htdocs\myschool\system\CodeIgniter.php(333): CodeIgniter\CodeIgniter->handleRequest(NULL, Object(Config\Cache), false)
#3 H:\XAMPP\htdocs\myschool\index.php(44): CodeIgniter\CodeIgniter->run()
#4 {main}
CRITICAL - 2021-04-11 23:37:15 --> Call to a member function table() on null
#0 H:\XAMPP\htdocs\myschool\system\CodeIgniter.php(936): App\Controllers\RoleMgtController->index()
#1 H:\XAMPP\htdocs\myschool\system\CodeIgniter.php(432): CodeIgniter\CodeIgniter->runController(Object(App\Controllers\RoleMgtController))
#2 H:\XAMPP\htdocs\myschool\system\CodeIgniter.php(333): CodeIgniter\CodeIgniter->handleRequest(NULL, Object(Config\Cache), false)
#3 H:\XAMPP\htdocs\myschool\index.php(44): CodeIgniter\CodeIgniter->run()
#4 {main}
