CRITICAL - 2021-04-10 23:41:34 --> syntax error, unexpected 'echo' (T_ECHO)
#0 H:\XAMPP\htdocs\myschool\system\View\View.php(220): include()
#1 H:\XAMPP\htdocs\myschool\system\View\View.php(222): CodeIgniter\View\View->CodeIgniter\View\{closure}()
#2 H:\XAMPP\htdocs\myschool\system\Common.php(1217): CodeIgniter\View\View->render('welcome_message', Array, true)
#3 H:\XAMPP\htdocs\myschool\app\Controllers\MySchoolController.php(9): view('welcome_message')
#4 H:\XAMPP\htdocs\myschool\system\CodeIgniter.php(936): App\Controllers\MySchoolController->index()
#5 H:\XAMPP\htdocs\myschool\system\CodeIgniter.php(432): CodeIgniter\CodeIgniter->runController(Object(App\Controllers\MySchoolController))
#6 H:\XAMPP\htdocs\myschool\system\CodeIgniter.php(333): CodeIgniter\CodeIgniter->handleRequest(NULL, Object(Config\Cache), false)
#7 H:\XAMPP\htdocs\myschool\index.php(44): CodeIgniter\CodeIgniter->run()
#8 {main}
CRITICAL - 2021-04-10 23:58:16 --> include_once(../../Views/layout/menu.php): failed to open stream: No such file or directory
#0 H:\XAMPP\htdocs\myschool\app\Views\roleManagment\role_view.php(21): CodeIgniter\Debug\Exceptions->errorHandler(2, 'include_once(.....', 'H:\\XAMPP\\htdocs...', 21, Array)
#1 H:\XAMPP\htdocs\myschool\app\Views\roleManagment\role_view.php(21): include_once()
#2 H:\XAMPP\htdocs\myschool\system\View\View.php(220): include('H:\\XAMPP\\htdocs...')
#3 H:\XAMPP\htdocs\myschool\system\View\View.php(222): CodeIgniter\View\View->CodeIgniter\View\{closure}()
#4 H:\XAMPP\htdocs\myschool\system\Common.php(1217): CodeIgniter\View\View->render('roleManagment/r...', Array, true)
#5 H:\XAMPP\htdocs\myschool\app\Controllers\RoleMgtController.php(18): view('roleManagment/r...', Array)
#6 H:\XAMPP\htdocs\myschool\system\CodeIgniter.php(936): App\Controllers\RoleMgtController->index()
#7 H:\XAMPP\htdocs\myschool\system\CodeIgniter.php(432): CodeIgniter\CodeIgniter->runController(Object(App\Controllers\RoleMgtController))
#8 H:\XAMPP\htdocs\myschool\system\CodeIgniter.php(333): CodeIgniter\CodeIgniter->handleRequest(NULL, Object(Config\Cache), false)
#9 H:\XAMPP\htdocs\myschool\public\index.php(44): CodeIgniter\CodeIgniter->run()
#10 {main}
CRITICAL - 2021-04-10 23:58:33 --> include_once(../../Views/layout/menu.php): failed to open stream: No such file or directory
#0 H:\XAMPP\htdocs\myschool\app\Views\roleManagment\role_view.php(20): CodeIgniter\Debug\Exceptions->errorHandler(2, 'include_once(.....', 'H:\\XAMPP\\htdocs...', 20, Array)
#1 H:\XAMPP\htdocs\myschool\app\Views\roleManagment\role_view.php(20): include_once()
#2 H:\XAMPP\htdocs\myschool\system\View\View.php(220): include('H:\\XAMPP\\htdocs...')
#3 H:\XAMPP\htdocs\myschool\system\View\View.php(222): CodeIgniter\View\View->CodeIgniter\View\{closure}()
#4 H:\XAMPP\htdocs\myschool\system\Common.php(1217): CodeIgniter\View\View->render('roleManagment/r...', Array, true)
#5 H:\XAMPP\htdocs\myschool\app\Controllers\RoleMgtController.php(18): view('roleManagment/r...', Array)
#6 H:\XAMPP\htdocs\myschool\system\CodeIgniter.php(936): App\Controllers\RoleMgtController->index()
#7 H:\XAMPP\htdocs\myschool\system\CodeIgniter.php(432): CodeIgniter\CodeIgniter->runController(Object(App\Controllers\RoleMgtController))
#8 H:\XAMPP\htdocs\myschool\system\CodeIgniter.php(333): CodeIgniter\CodeIgniter->handleRequest(NULL, Object(Config\Cache), false)
#9 H:\XAMPP\htdocs\myschool\public\index.php(44): CodeIgniter\CodeIgniter->run()
#10 {main}
