CRITICAL - 2021-04-08 06:49:47 --> include_once(../layout/footer.php): failed to open stream: No such file or directory
#0 H:\XAMPP\htdocs\myschool\app\Views\roleManagment\role_view.php(112): CodeIgniter\Debug\Exceptions->errorHandler(2, 'include_once(.....', 'H:\\XAMPP\\htdocs...', 112, Array)
#1 H:\XAMPP\htdocs\myschool\app\Views\roleManagment\role_view.php(112): include_once()
#2 H:\XAMPP\htdocs\myschool\system\View\View.php(220): include('H:\\XAMPP\\htdocs...')
#3 H:\XAMPP\htdocs\myschool\system\View\View.php(222): CodeIgniter\View\View->CodeIgniter\View\{closure}()
#4 H:\XAMPP\htdocs\myschool\system\Common.php(1217): CodeIgniter\View\View->render('roleManagment/r...', Array, true)
#5 H:\XAMPP\htdocs\myschool\app\Controllers\RoleMgtController.php(18): view('roleManagment/r...', Array)
#6 H:\XAMPP\htdocs\myschool\system\CodeIgniter.php(936): App\Controllers\RoleMgtController->index()
#7 H:\XAMPP\htdocs\myschool\system\CodeIgniter.php(432): CodeIgniter\CodeIgniter->runController(Object(App\Controllers\RoleMgtController))
#8 H:\XAMPP\htdocs\myschool\system\CodeIgniter.php(333): CodeIgniter\CodeIgniter->handleRequest(NULL, Object(Config\Cache), false)
#9 H:\XAMPP\htdocs\myschool\public\index.php(44): CodeIgniter\CodeIgniter->run()
#10 {main}
CRITICAL - 2021-04-08 07:02:54 --> include_once(../layout/menu.php): failed to open stream: No such file or directory
#0 H:\XAMPP\htdocs\myschool\app\Views\roleManagment\role_view.php(20): CodeIgniter\Debug\Exceptions->errorHandler(2, 'include_once(.....', 'H:\\XAMPP\\htdocs...', 20, Array)
#1 H:\XAMPP\htdocs\myschool\app\Views\roleManagment\role_view.php(20): include_once()
#2 H:\XAMPP\htdocs\myschool\system\View\View.php(220): include('H:\\XAMPP\\htdocs...')
#3 H:\XAMPP\htdocs\myschool\system\View\View.php(222): CodeIgniter\View\View->CodeIgniter\View\{closure}()
#4 H:\XAMPP\htdocs\myschool\system\Common.php(1217): CodeIgniter\View\View->render('roleManagment/r...', Array, true)
#5 H:\XAMPP\htdocs\myschool\app\Controllers\RoleMgtController.php(18): view('roleManagment/r...', Array)
#6 H:\XAMPP\htdocs\myschool\system\CodeIgniter.php(936): App\Controllers\RoleMgtController->index()
#7 H:\XAMPP\htdocs\myschool\system\CodeIgniter.php(432): CodeIgniter\CodeIgniter->runController(Object(App\Controllers\RoleMgtController))
#8 H:\XAMPP\htdocs\myschool\system\CodeIgniter.php(333): CodeIgniter\CodeIgniter->handleRequest(NULL, Object(Config\Cache), false)
#9 H:\XAMPP\htdocs\myschool\public\index.php(44): CodeIgniter\CodeIgniter->run()
#10 {main}
CRITICAL - 2021-04-08 07:04:34 --> include_once(H:\XAMPP\php\pear): failed to open stream: Permission denied
#0 H:\XAMPP\htdocs\myschool\app\Views\roleManagment\role_view.php(20): CodeIgniter\Debug\Exceptions->errorHandler(2, 'include_once(H:...', 'H:\\XAMPP\\htdocs...', 20, Array)
#1 H:\XAMPP\htdocs\myschool\app\Views\roleManagment\role_view.php(20): include_once()
#2 H:\XAMPP\htdocs\myschool\system\View\View.php(220): include('H:\\XAMPP\\htdocs...')
#3 H:\XAMPP\htdocs\myschool\system\View\View.php(222): CodeIgniter\View\View->CodeIgniter\View\{closure}()
#4 H:\XAMPP\htdocs\myschool\system\Common.php(1217): CodeIgniter\View\View->render('roleManagment/r...', Array, true)
#5 H:\XAMPP\htdocs\myschool\app\Controllers\RoleMgtController.php(18): view('roleManagment/r...', Array)
#6 H:\XAMPP\htdocs\myschool\system\CodeIgniter.php(936): App\Controllers\RoleMgtController->index()
#7 H:\XAMPP\htdocs\myschool\system\CodeIgniter.php(432): CodeIgniter\CodeIgniter->runController(Object(App\Controllers\RoleMgtController))
#8 H:\XAMPP\htdocs\myschool\system\CodeIgniter.php(333): CodeIgniter\CodeIgniter->handleRequest(NULL, Object(Config\Cache), false)
#9 H:\XAMPP\htdocs\myschool\public\index.php(44): CodeIgniter\CodeIgniter->run()
#10 {main}
CRITICAL - 2021-04-08 07:04:52 --> include_once(../layout/menu.php): failed to open stream: No such file or directory
#0 H:\XAMPP\htdocs\myschool\app\Views\roleManagment\role_view.php(20): CodeIgniter\Debug\Exceptions->errorHandler(2, 'include_once(.....', 'H:\\XAMPP\\htdocs...', 20, Array)
#1 H:\XAMPP\htdocs\myschool\app\Views\roleManagment\role_view.php(20): include_once()
#2 H:\XAMPP\htdocs\myschool\system\View\View.php(220): include('H:\\XAMPP\\htdocs...')
#3 H:\XAMPP\htdocs\myschool\system\View\View.php(222): CodeIgniter\View\View->CodeIgniter\View\{closure}()
#4 H:\XAMPP\htdocs\myschool\system\Common.php(1217): CodeIgniter\View\View->render('roleManagment/r...', Array, true)
#5 H:\XAMPP\htdocs\myschool\app\Controllers\RoleMgtController.php(18): view('roleManagment/r...', Array)
#6 H:\XAMPP\htdocs\myschool\system\CodeIgniter.php(936): App\Controllers\RoleMgtController->index()
#7 H:\XAMPP\htdocs\myschool\system\CodeIgniter.php(432): CodeIgniter\CodeIgniter->runController(Object(App\Controllers\RoleMgtController))
#8 H:\XAMPP\htdocs\myschool\system\CodeIgniter.php(333): CodeIgniter\CodeIgniter->handleRequest(NULL, Object(Config\Cache), false)
#9 H:\XAMPP\htdocs\myschool\public\index.php(44): CodeIgniter\CodeIgniter->run()
#10 {main}
CRITICAL - 2021-04-08 07:05:08 --> include_once(../layout/footer.php): failed to open stream: No such file or directory
#0 H:\XAMPP\htdocs\myschool\app\Views\roleManagment\role_view.php(113): CodeIgniter\Debug\Exceptions->errorHandler(2, 'include_once(.....', 'H:\\XAMPP\\htdocs...', 113, Array)
#1 H:\XAMPP\htdocs\myschool\app\Views\roleManagment\role_view.php(113): include_once()
#2 H:\XAMPP\htdocs\myschool\system\View\View.php(220): include('H:\\XAMPP\\htdocs...')
#3 H:\XAMPP\htdocs\myschool\system\View\View.php(222): CodeIgniter\View\View->CodeIgniter\View\{closure}()
#4 H:\XAMPP\htdocs\myschool\system\Common.php(1217): CodeIgniter\View\View->render('roleManagment/r...', Array, true)
#5 H:\XAMPP\htdocs\myschool\app\Controllers\RoleMgtController.php(18): view('roleManagment/r...', Array)
#6 H:\XAMPP\htdocs\myschool\system\CodeIgniter.php(936): App\Controllers\RoleMgtController->index()
#7 H:\XAMPP\htdocs\myschool\system\CodeIgniter.php(432): CodeIgniter\CodeIgniter->runController(Object(App\Controllers\RoleMgtController))
#8 H:\XAMPP\htdocs\myschool\system\CodeIgniter.php(333): CodeIgniter\CodeIgniter->handleRequest(NULL, Object(Config\Cache), false)
#9 H:\XAMPP\htdocs\myschool\public\index.php(44): CodeIgniter\CodeIgniter->run()
#10 {main}
CRITICAL - 2021-04-08 07:05:19 --> include_once(../layout/footer.php): failed to open stream: No such file or directory
#0 H:\XAMPP\htdocs\myschool\app\Views\roleManagment\role_view.php(113): CodeIgniter\Debug\Exceptions->errorHandler(2, 'include_once(.....', 'H:\\XAMPP\\htdocs...', 113, Array)
#1 H:\XAMPP\htdocs\myschool\app\Views\roleManagment\role_view.php(113): include_once()
#2 H:\XAMPP\htdocs\myschool\system\View\View.php(220): include('H:\\XAMPP\\htdocs...')
#3 H:\XAMPP\htdocs\myschool\system\View\View.php(222): CodeIgniter\View\View->CodeIgniter\View\{closure}()
#4 H:\XAMPP\htdocs\myschool\system\Common.php(1217): CodeIgniter\View\View->render('roleManagment/r...', Array, true)
#5 H:\XAMPP\htdocs\myschool\app\Controllers\RoleMgtController.php(18): view('roleManagment/r...', Array)
#6 H:\XAMPP\htdocs\myschool\system\CodeIgniter.php(936): App\Controllers\RoleMgtController->index()
#7 H:\XAMPP\htdocs\myschool\system\CodeIgniter.php(432): CodeIgniter\CodeIgniter->runController(Object(App\Controllers\RoleMgtController))
#8 H:\XAMPP\htdocs\myschool\system\CodeIgniter.php(333): CodeIgniter\CodeIgniter->handleRequest(NULL, Object(Config\Cache), false)
#9 H:\XAMPP\htdocs\myschool\public\index.php(44): CodeIgniter\CodeIgniter->run()
#10 {main}
CRITICAL - 2021-04-08 07:30:11 --> include_once(../layout/menu.php): failed to open stream: No such file or directory
#0 H:\XAMPP\htdocs\myschool\app\Views\roleManagment\role_view.php(20): CodeIgniter\Debug\Exceptions->errorHandler(2, 'include_once(.....', 'H:\\XAMPP\\htdocs...', 20, Array)
#1 H:\XAMPP\htdocs\myschool\app\Views\roleManagment\role_view.php(20): include_once()
#2 H:\XAMPP\htdocs\myschool\system\View\View.php(220): include('H:\\XAMPP\\htdocs...')
#3 H:\XAMPP\htdocs\myschool\system\View\View.php(222): CodeIgniter\View\View->CodeIgniter\View\{closure}()
#4 H:\XAMPP\htdocs\myschool\system\Common.php(1217): CodeIgniter\View\View->render('roleManagment/r...', Array, true)
#5 H:\XAMPP\htdocs\myschool\app\Controllers\RoleMgtController.php(18): view('roleManagment/r...', Array)
#6 H:\XAMPP\htdocs\myschool\system\CodeIgniter.php(936): App\Controllers\RoleMgtController->index()
#7 H:\XAMPP\htdocs\myschool\system\CodeIgniter.php(432): CodeIgniter\CodeIgniter->runController(Object(App\Controllers\RoleMgtController))
#8 H:\XAMPP\htdocs\myschool\system\CodeIgniter.php(333): CodeIgniter\CodeIgniter->handleRequest(NULL, Object(Config\Cache), false)
#9 H:\XAMPP\htdocs\myschool\public\index.php(44): CodeIgniter\CodeIgniter->run()
#10 {main}
CRITICAL - 2021-04-08 07:35:48 --> Call to a member function view() on null
#0 H:\XAMPP\htdocs\myschool\system\CodeIgniter.php(936): App\Controllers\RoleMgtController->index()
#1 H:\XAMPP\htdocs\myschool\system\CodeIgniter.php(432): CodeIgniter\CodeIgniter->runController(Object(App\Controllers\RoleMgtController))
#2 H:\XAMPP\htdocs\myschool\system\CodeIgniter.php(333): CodeIgniter\CodeIgniter->handleRequest(NULL, Object(Config\Cache), false)
#3 H:\XAMPP\htdocs\myschool\public\index.php(44): CodeIgniter\CodeIgniter->run()
#4 {main}
CRITICAL - 2021-04-08 07:36:21 --> Call to a member function view() on null
#0 H:\XAMPP\htdocs\myschool\system\CodeIgniter.php(936): App\Controllers\RoleMgtController->index()
#1 H:\XAMPP\htdocs\myschool\system\CodeIgniter.php(432): CodeIgniter\CodeIgniter->runController(Object(App\Controllers\RoleMgtController))
#2 H:\XAMPP\htdocs\myschool\system\CodeIgniter.php(333): CodeIgniter\CodeIgniter->handleRequest(NULL, Object(Config\Cache), false)
#3 H:\XAMPP\htdocs\myschool\public\index.php(44): CodeIgniter\CodeIgniter->run()
#4 {main}
CRITICAL - 2021-04-08 07:36:37 --> include_once(../layout/menu.php): failed to open stream: No such file or directory
#0 H:\XAMPP\htdocs\myschool\app\Views\roleManagment\role_view.php(20): CodeIgniter\Debug\Exceptions->errorHandler(2, 'include_once(.....', 'H:\\XAMPP\\htdocs...', 20, Array)
#1 H:\XAMPP\htdocs\myschool\app\Views\roleManagment\role_view.php(20): include_once()
#2 H:\XAMPP\htdocs\myschool\system\View\View.php(220): include('H:\\XAMPP\\htdocs...')
#3 H:\XAMPP\htdocs\myschool\system\View\View.php(222): CodeIgniter\View\View->CodeIgniter\View\{closure}()
#4 H:\XAMPP\htdocs\myschool\system\Common.php(1217): CodeIgniter\View\View->render('roleManagment/r...', Array, true)
#5 H:\XAMPP\htdocs\myschool\app\Controllers\RoleMgtController.php(18): view('roleManagment/r...', Array)
#6 H:\XAMPP\htdocs\myschool\system\CodeIgniter.php(936): App\Controllers\RoleMgtController->index()
#7 H:\XAMPP\htdocs\myschool\system\CodeIgniter.php(432): CodeIgniter\CodeIgniter->runController(Object(App\Controllers\RoleMgtController))
#8 H:\XAMPP\htdocs\myschool\system\CodeIgniter.php(333): CodeIgniter\CodeIgniter->handleRequest(NULL, Object(Config\Cache), false)
#9 H:\XAMPP\htdocs\myschool\public\index.php(44): CodeIgniter\CodeIgniter->run()
#10 {main}
CRITICAL - 2021-04-08 07:37:23 --> Call to a member function view() on null
#0 H:\XAMPP\htdocs\myschool\system\View\View.php(220): include()
#1 H:\XAMPP\htdocs\myschool\system\View\View.php(222): CodeIgniter\View\View->CodeIgniter\View\{closure}()
#2 H:\XAMPP\htdocs\myschool\system\Common.php(1217): CodeIgniter\View\View->render('roleManagment/r...', Array, true)
#3 H:\XAMPP\htdocs\myschool\app\Controllers\RoleMgtController.php(18): view('roleManagment/r...', Array)
#4 H:\XAMPP\htdocs\myschool\system\CodeIgniter.php(936): App\Controllers\RoleMgtController->index()
#5 H:\XAMPP\htdocs\myschool\system\CodeIgniter.php(432): CodeIgniter\CodeIgniter->runController(Object(App\Controllers\RoleMgtController))
#6 H:\XAMPP\htdocs\myschool\system\CodeIgniter.php(333): CodeIgniter\CodeIgniter->handleRequest(NULL, Object(Config\Cache), false)
#7 H:\XAMPP\htdocs\myschool\public\index.php(44): CodeIgniter\CodeIgniter->run()
#8 {main}
CRITICAL - 2021-04-08 07:39:09 --> include_once(../layout/menu.php): failed to open stream: No such file or directory
#0 H:\XAMPP\htdocs\myschool\app\Views\roleManagment\role_view.php(21): CodeIgniter\Debug\Exceptions->errorHandler(2, 'include_once(.....', 'H:\\XAMPP\\htdocs...', 21, Array)
#1 H:\XAMPP\htdocs\myschool\app\Views\roleManagment\role_view.php(21): include_once()
#2 H:\XAMPP\htdocs\myschool\system\View\View.php(220): include('H:\\XAMPP\\htdocs...')
#3 H:\XAMPP\htdocs\myschool\system\View\View.php(222): CodeIgniter\View\View->CodeIgniter\View\{closure}()
#4 H:\XAMPP\htdocs\myschool\system\Common.php(1217): CodeIgniter\View\View->render('roleManagment/r...', Array, true)
#5 H:\XAMPP\htdocs\myschool\app\Controllers\RoleMgtController.php(18): view('roleManagment/r...', Array)
#6 H:\XAMPP\htdocs\myschool\system\CodeIgniter.php(936): App\Controllers\RoleMgtController->index()
#7 H:\XAMPP\htdocs\myschool\system\CodeIgniter.php(432): CodeIgniter\CodeIgniter->runController(Object(App\Controllers\RoleMgtController))
#8 H:\XAMPP\htdocs\myschool\system\CodeIgniter.php(333): CodeIgniter\CodeIgniter->handleRequest(NULL, Object(Config\Cache), false)
#9 H:\XAMPP\htdocs\myschool\public\index.php(44): CodeIgniter\CodeIgniter->run()
#10 {main}
CRITICAL - 2021-04-08 07:39:28 --> include_once(/layout/menu.php): failed to open stream: No such file or directory
#0 H:\XAMPP\htdocs\myschool\app\Views\roleManagment\role_view.php(21): CodeIgniter\Debug\Exceptions->errorHandler(2, 'include_once(/l...', 'H:\\XAMPP\\htdocs...', 21, Array)
#1 H:\XAMPP\htdocs\myschool\app\Views\roleManagment\role_view.php(21): include_once()
#2 H:\XAMPP\htdocs\myschool\system\View\View.php(220): include('H:\\XAMPP\\htdocs...')
#3 H:\XAMPP\htdocs\myschool\system\View\View.php(222): CodeIgniter\View\View->CodeIgniter\View\{closure}()
#4 H:\XAMPP\htdocs\myschool\system\Common.php(1217): CodeIgniter\View\View->render('roleManagment/r...', Array, true)
#5 H:\XAMPP\htdocs\myschool\app\Controllers\RoleMgtController.php(18): view('roleManagment/r...', Array)
#6 H:\XAMPP\htdocs\myschool\system\CodeIgniter.php(936): App\Controllers\RoleMgtController->index()
#7 H:\XAMPP\htdocs\myschool\system\CodeIgniter.php(432): CodeIgniter\CodeIgniter->runController(Object(App\Controllers\RoleMgtController))
#8 H:\XAMPP\htdocs\myschool\system\CodeIgniter.php(333): CodeIgniter\CodeIgniter->handleRequest(NULL, Object(Config\Cache), false)
#9 H:\XAMPP\htdocs\myschool\public\index.php(44): CodeIgniter\CodeIgniter->run()
#10 {main}
CRITICAL - 2021-04-08 07:39:44 --> include_once(./layout/menu.php): failed to open stream: No such file or directory
#0 H:\XAMPP\htdocs\myschool\app\Views\roleManagment\role_view.php(21): CodeIgniter\Debug\Exceptions->errorHandler(2, 'include_once(./...', 'H:\\XAMPP\\htdocs...', 21, Array)
#1 H:\XAMPP\htdocs\myschool\app\Views\roleManagment\role_view.php(21): include_once()
#2 H:\XAMPP\htdocs\myschool\system\View\View.php(220): include('H:\\XAMPP\\htdocs...')
#3 H:\XAMPP\htdocs\myschool\system\View\View.php(222): CodeIgniter\View\View->CodeIgniter\View\{closure}()
#4 H:\XAMPP\htdocs\myschool\system\Common.php(1217): CodeIgniter\View\View->render('roleManagment/r...', Array, true)
#5 H:\XAMPP\htdocs\myschool\app\Controllers\RoleMgtController.php(18): view('roleManagment/r...', Array)
#6 H:\XAMPP\htdocs\myschool\system\CodeIgniter.php(936): App\Controllers\RoleMgtController->index()
#7 H:\XAMPP\htdocs\myschool\system\CodeIgniter.php(432): CodeIgniter\CodeIgniter->runController(Object(App\Controllers\RoleMgtController))
#8 H:\XAMPP\htdocs\myschool\system\CodeIgniter.php(333): CodeIgniter\CodeIgniter->handleRequest(NULL, Object(Config\Cache), false)
#9 H:\XAMPP\htdocs\myschool\public\index.php(44): CodeIgniter\CodeIgniter->run()
#10 {main}
CRITICAL - 2021-04-08 07:40:40 --> include_once(../../Views/layout/menu.php): failed to open stream: No such file or directory
#0 H:\XAMPP\htdocs\myschool\app\Views\roleManagment\role_view.php(21): CodeIgniter\Debug\Exceptions->errorHandler(2, 'include_once(.....', 'H:\\XAMPP\\htdocs...', 21, Array)
#1 H:\XAMPP\htdocs\myschool\app\Views\roleManagment\role_view.php(21): include_once()
#2 H:\XAMPP\htdocs\myschool\system\View\View.php(220): include('H:\\XAMPP\\htdocs...')
#3 H:\XAMPP\htdocs\myschool\system\View\View.php(222): CodeIgniter\View\View->CodeIgniter\View\{closure}()
#4 H:\XAMPP\htdocs\myschool\system\Common.php(1217): CodeIgniter\View\View->render('roleManagment/r...', Array, true)
#5 H:\XAMPP\htdocs\myschool\app\Controllers\RoleMgtController.php(18): view('roleManagment/r...', Array)
#6 H:\XAMPP\htdocs\myschool\system\CodeIgniter.php(936): App\Controllers\RoleMgtController->index()
#7 H:\XAMPP\htdocs\myschool\system\CodeIgniter.php(432): CodeIgniter\CodeIgniter->runController(Object(App\Controllers\RoleMgtController))
#8 H:\XAMPP\htdocs\myschool\system\CodeIgniter.php(333): CodeIgniter\CodeIgniter->handleRequest(NULL, Object(Config\Cache), false)
#9 H:\XAMPP\htdocs\myschool\public\index.php(44): CodeIgniter\CodeIgniter->run()
#10 {main}
CRITICAL - 2021-04-08 07:41:21 --> include_once(../../Views/layout/menu.php): failed to open stream: No such file or directory
#0 H:\XAMPP\htdocs\myschool\app\Views\roleManagment\role_view.php(21): CodeIgniter\Debug\Exceptions->errorHandler(2, 'include_once(.....', 'H:\\XAMPP\\htdocs...', 21, Array)
#1 H:\XAMPP\htdocs\myschool\app\Views\roleManagment\role_view.php(21): include_once()
#2 H:\XAMPP\htdocs\myschool\system\View\View.php(220): include('H:\\XAMPP\\htdocs...')
#3 H:\XAMPP\htdocs\myschool\system\View\View.php(222): CodeIgniter\View\View->CodeIgniter\View\{closure}()
#4 H:\XAMPP\htdocs\myschool\system\Common.php(1217): CodeIgniter\View\View->render('roleManagment/r...', Array, true)
#5 H:\XAMPP\htdocs\myschool\app\Controllers\RoleMgtController.php(18): view('roleManagment/r...', Array)
#6 H:\XAMPP\htdocs\myschool\system\CodeIgniter.php(936): App\Controllers\RoleMgtController->index()
#7 H:\XAMPP\htdocs\myschool\system\CodeIgniter.php(432): CodeIgniter\CodeIgniter->runController(Object(App\Controllers\RoleMgtController))
#8 H:\XAMPP\htdocs\myschool\system\CodeIgniter.php(333): CodeIgniter\CodeIgniter->handleRequest(NULL, Object(Config\Cache), false)
#9 H:\XAMPP\htdocs\myschool\public\index.php(44): CodeIgniter\CodeIgniter->run()
#10 {main}
CRITICAL - 2021-04-08 07:41:24 --> include_once(../../Views/layout/menu.php): failed to open stream: No such file or directory
#0 H:\XAMPP\htdocs\myschool\app\Views\roleManagment\role_view.php(21): CodeIgniter\Debug\Exceptions->errorHandler(2, 'include_once(.....', 'H:\\XAMPP\\htdocs...', 21, Array)
#1 H:\XAMPP\htdocs\myschool\app\Views\roleManagment\role_view.php(21): include_once()
#2 H:\XAMPP\htdocs\myschool\system\View\View.php(220): include('H:\\XAMPP\\htdocs...')
#3 H:\XAMPP\htdocs\myschool\system\View\View.php(222): CodeIgniter\View\View->CodeIgniter\View\{closure}()
#4 H:\XAMPP\htdocs\myschool\system\Common.php(1217): CodeIgniter\View\View->render('roleManagment/r...', Array, true)
#5 H:\XAMPP\htdocs\myschool\app\Controllers\RoleMgtController.php(18): view('roleManagment/r...', Array)
#6 H:\XAMPP\htdocs\myschool\system\CodeIgniter.php(936): App\Controllers\RoleMgtController->index()
#7 H:\XAMPP\htdocs\myschool\system\CodeIgniter.php(432): CodeIgniter\CodeIgniter->runController(Object(App\Controllers\RoleMgtController))
#8 H:\XAMPP\htdocs\myschool\system\CodeIgniter.php(333): CodeIgniter\CodeIgniter->handleRequest(NULL, Object(Config\Cache), false)
#9 H:\XAMPP\htdocs\myschool\public\index.php(44): CodeIgniter\CodeIgniter->run()
#10 {main}
CRITICAL - 2021-04-08 07:41:54 --> include_once(../../Views/layout/menu.php): failed to open stream: No such file or directory
#0 H:\XAMPP\htdocs\myschool\app\Views\roleManagment\role_view.php(21): CodeIgniter\Debug\Exceptions->errorHandler(2, 'include_once(.....', 'H:\\XAMPP\\htdocs...', 21, Array)
#1 H:\XAMPP\htdocs\myschool\app\Views\roleManagment\role_view.php(21): include_once()
#2 H:\XAMPP\htdocs\myschool\system\View\View.php(220): include('H:\\XAMPP\\htdocs...')
#3 H:\XAMPP\htdocs\myschool\system\View\View.php(222): CodeIgniter\View\View->CodeIgniter\View\{closure}()
#4 H:\XAMPP\htdocs\myschool\system\Common.php(1217): CodeIgniter\View\View->render('roleManagment/r...', Array, true)
#5 H:\XAMPP\htdocs\myschool\app\Controllers\RoleMgtController.php(18): view('roleManagment/r...', Array)
#6 H:\XAMPP\htdocs\myschool\system\CodeIgniter.php(936): App\Controllers\RoleMgtController->index()
#7 H:\XAMPP\htdocs\myschool\system\CodeIgniter.php(432): CodeIgniter\CodeIgniter->runController(Object(App\Controllers\RoleMgtController))
#8 H:\XAMPP\htdocs\myschool\system\CodeIgniter.php(333): CodeIgniter\CodeIgniter->handleRequest(NULL, Object(Config\Cache), false)
#9 H:\XAMPP\htdocs\myschool\public\index.php(44): CodeIgniter\CodeIgniter->run()
#10 {main}
CRITICAL - 2021-04-08 07:42:23 --> include_once(../../Views/layout/menu.php): failed to open stream: No such file or directory
#0 H:\XAMPP\htdocs\myschool\app\Views\roleManagment\role_view.php(21): CodeIgniter\Debug\Exceptions->errorHandler(2, 'include_once(.....', 'H:\\XAMPP\\htdocs...', 21, Array)
#1 H:\XAMPP\htdocs\myschool\app\Views\roleManagment\role_view.php(21): include_once()
#2 H:\XAMPP\htdocs\myschool\system\View\View.php(220): include('H:\\XAMPP\\htdocs...')
#3 H:\XAMPP\htdocs\myschool\system\View\View.php(222): CodeIgniter\View\View->CodeIgniter\View\{closure}()
#4 H:\XAMPP\htdocs\myschool\system\Common.php(1217): CodeIgniter\View\View->render('roleManagment/r...', Array, true)
#5 H:\XAMPP\htdocs\myschool\app\Controllers\RoleMgtController.php(18): view('roleManagment/r...', Array)
#6 H:\XAMPP\htdocs\myschool\system\CodeIgniter.php(936): App\Controllers\RoleMgtController->index()
#7 H:\XAMPP\htdocs\myschool\system\CodeIgniter.php(432): CodeIgniter\CodeIgniter->runController(Object(App\Controllers\RoleMgtController))
#8 H:\XAMPP\htdocs\myschool\system\CodeIgniter.php(333): CodeIgniter\CodeIgniter->handleRequest(NULL, Object(Config\Cache), false)
#9 H:\XAMPP\htdocs\myschool\public\index.php(44): CodeIgniter\CodeIgniter->run()
#10 {main}
CRITICAL - 2021-04-08 07:46:59 --> include_once(layout/menu.php): failed to open stream: No such file or directory
#0 H:\XAMPP\htdocs\myschool\app\Views\roleManagment\add_data.php(18): CodeIgniter\Debug\Exceptions->errorHandler(2, 'include_once(la...', 'H:\\XAMPP\\htdocs...', 18, Array)
#1 H:\XAMPP\htdocs\myschool\app\Views\roleManagment\add_data.php(18): include_once()
#2 H:\XAMPP\htdocs\myschool\system\View\View.php(220): include('H:\\XAMPP\\htdocs...')
#3 H:\XAMPP\htdocs\myschool\system\View\View.php(222): CodeIgniter\View\View->CodeIgniter\View\{closure}()
#4 H:\XAMPP\htdocs\myschool\system\Common.php(1217): CodeIgniter\View\View->render('roleManagment/a...', Array, true)
#5 H:\XAMPP\htdocs\myschool\app\Controllers\RoleMgtController.php(23): view('roleManagment/a...')
#6 H:\XAMPP\htdocs\myschool\system\CodeIgniter.php(936): App\Controllers\RoleMgtController->add()
#7 H:\XAMPP\htdocs\myschool\system\CodeIgniter.php(432): CodeIgniter\CodeIgniter->runController(Object(App\Controllers\RoleMgtController))
#8 H:\XAMPP\htdocs\myschool\system\CodeIgniter.php(333): CodeIgniter\CodeIgniter->handleRequest(NULL, Object(Config\Cache), false)
#9 H:\XAMPP\htdocs\myschool\public\index.php(44): CodeIgniter\CodeIgniter->run()
#10 {main}
CRITICAL - 2021-04-08 07:47:08 --> include_once(layout/menu.php): failed to open stream: No such file or directory
#0 H:\XAMPP\htdocs\myschool\app\Views\roleManagment\add_data.php(18): CodeIgniter\Debug\Exceptions->errorHandler(2, 'include_once(la...', 'H:\\XAMPP\\htdocs...', 18, Array)
#1 H:\XAMPP\htdocs\myschool\app\Views\roleManagment\add_data.php(18): include_once()
#2 H:\XAMPP\htdocs\myschool\system\View\View.php(220): include('H:\\XAMPP\\htdocs...')
#3 H:\XAMPP\htdocs\myschool\system\View\View.php(222): CodeIgniter\View\View->CodeIgniter\View\{closure}()
#4 H:\XAMPP\htdocs\myschool\system\Common.php(1217): CodeIgniter\View\View->render('roleManagment/a...', Array, true)
#5 H:\XAMPP\htdocs\myschool\app\Controllers\RoleMgtController.php(23): view('roleManagment/a...')
#6 H:\XAMPP\htdocs\myschool\system\CodeIgniter.php(936): App\Controllers\RoleMgtController->add()
#7 H:\XAMPP\htdocs\myschool\system\CodeIgniter.php(432): CodeIgniter\CodeIgniter->runController(Object(App\Controllers\RoleMgtController))
#8 H:\XAMPP\htdocs\myschool\system\CodeIgniter.php(333): CodeIgniter\CodeIgniter->handleRequest(NULL, Object(Config\Cache), false)
#9 H:\XAMPP\htdocs\myschool\public\index.php(44): CodeIgniter\CodeIgniter->run()
#10 {main}
